The system is: Linux - 4.12.14-197.51-default - x86_64
Compiling the C compiler identification source file "CMakeCCompilerId.c" succeeded.
Compiler: /home/ge49nuk2/spack/opt/spack/linux-sles15-zen2/gcc-10.2.1/mpich-3.3.2-wgukgvfenyfgh75zdxi6lvgzsan7ozv2/bin/mpicc 
Build flags: 
Id flags:  

The output was:
0


Compilation of the C compiler identification source "CMakeCCompilerId.c" produced "a.out"

The C compiler identification is GNU, found in "/home/ge49nuk2/applications/hpc-stuff-playground/dist-stuff/hcl_examples/mxm_task_stealing_queue/build_on_beast_tcp/CMakeFiles/3.20.3/CompilerIdC/a.out"

Compiling the CXX compiler identification source file "CMakeCXXCompilerId.cpp" succeeded.
Compiler: /home/ge49nuk2/spack/opt/spack/linux-sles15-zen2/gcc-10.2.1/mpich-3.3.2-wgukgvfenyfgh75zdxi6lvgzsan7ozv2/bin/mpicxx 
Build flags: 
Id flags:  

The output was:
0


Compilation of the CXX compiler identification source "CMakeCXXCompilerId.cpp" produced "a.out"

The CXX compiler identification is GNU, found in "/home/ge49nuk2/applications/hpc-stuff-playground/dist-stuff/hcl_examples/mxm_task_stealing_queue/build_on_beast_tcp/CMakeFiles/3.20.3/CompilerIdCXX/a.out"

Detecting C compiler ABI info compiled with the following output:
Change Dir: /home/ge49nuk2/applications/hpc-stuff-playground/dist-stuff/hcl_examples/mxm_task_stealing_queue/build_on_beast_tcp/CMakeFiles/CMakeTmp

Run Build Command(s):/usr/bin/gmake -f Makefile cmTC_9817f/fast && /usr/bin/gmake  -f CMakeFiles/cmTC_9817f.dir/build.make CMakeFiles/cmTC_9817f.dir/build
gmake[1]: Entering directory '/home/ge49nuk2/applications/hpc-stuff-playground/dist-stuff/hcl_examples/mxm_task_stealing_queue/build_on_beast_tcp/CMakeFiles/CMakeTmp'
Building C object CMakeFiles/cmTC_9817f.dir/CMakeCCompilerABI.c.o
/home/ge49nuk2/spack/opt/spack/linux-sles15-zen2/gcc-10.2.1/mpich-3.3.2-wgukgvfenyfgh75zdxi6lvgzsan7ozv2/bin/mpicc   -v -o CMakeFiles/cmTC_9817f.dir/CMakeCCompilerABI.c.o -c /home/ge49nuk2/spack/opt/spack/linux-sles15-zen2/gcc-10.2.1/cmake-3.20.3-crj7py7zplvpqll4geshojob3n3e74fq/share/cmake-3.20/Modules/CMakeCCompilerABI.c
mpicc for MPICH version 3.3.2
Using built-in specs.
COLLECT_GCC=/usr/bin/gcc-10
OFFLOAD_TARGET_NAMES=nvptx-none
OFFLOAD_TARGET_DEFAULT=1
Target: x86_64-suse-linux
Configured with: ../configure --prefix=/usr --infodir=/usr/share/info --mandir=/usr/share/man --libdir=/usr/lib64 --libexecdir=/usr/lib64 --enable-languages=c,c++,objc,fortran,obj-c++,ada,go,d --enable-offload-targets=nvptx-none=/usr/nvptx-none, --without-cuda-driver --enable-checking=release --disable-werror --with-gxx-include-dir=/usr/include/c++/10 --enable-ssp --disable-libssp --disable-libvtv --enable-cet=auto --disable-libcc1 --disable-plugin --with-bugurl=https://bugs.opensuse.org/ --with-pkgversion='SUSE Linux' --with-slibdir=/lib64 --with-system-zlib --enable-libstdcxx-allocator=new --disable-libstdcxx-pch --enable-libphobos --enable-version-specific-runtime-libs --with-gcc-major-version-only --enable-linker-build-id --enable-linux-futex --enable-gnu-indirect-function --program-suffix=-10 --without-system-libunwind --enable-multilib --with-arch-32=x86-64 --with-tune=generic --build=x86_64-suse-linux --host=x86_64-suse-linux
Thread model: posix
Supported LTO compression algorithms: zlib
gcc version 10.2.1 20200825 [revision c0746a1beb1ba073c7981eb09f55b3d993b32e5c] (SUSE Linux) 
COLLECT_GCC_OPTIONS='-v' '-o' 'CMakeFiles/cmTC_9817f.dir/CMakeCCompilerABI.c.o' '-c' '-I' '/home/ge49nuk2/spack/opt/spack/linux-sles15-zen2/gcc-10.2.1/mpich-3.3.2-wgukgvfenyfgh75zdxi6lvgzsan7ozv2/include' '-mtune=generic' '-march=x86-64'
 /usr/lib64/gcc/x86_64-suse-linux/10/cc1 -quiet -v -I /home/ge49nuk2/spack/opt/spack/linux-sles15-zen2/gcc-10.2.1/mpich-3.3.2-wgukgvfenyfgh75zdxi6lvgzsan7ozv2/include /home/ge49nuk2/spack/opt/spack/linux-sles15-zen2/gcc-10.2.1/cmake-3.20.3-crj7py7zplvpqll4geshojob3n3e74fq/share/cmake-3.20/Modules/CMakeCCompilerABI.c -quiet -dumpbase CMakeCCompilerABI.c -mtune=generic -march=x86-64 -auxbase-strip CMakeFiles/cmTC_9817f.dir/CMakeCCompilerABI.c.o -version -o /tmp/ccZw7Xo1.s
GNU C17 (SUSE Linux) version 10.2.1 20200825 [revision c0746a1beb1ba073c7981eb09f55b3d993b32e5c] (x86_64-suse-linux)
	compiled by GNU C version 10.2.1 20200825 [revision c0746a1beb1ba073c7981eb09f55b3d993b32e5c], GMP version 6.1.2, MPFR version 4.0.1, MPC version 1.1.0, isl version isl-0.18-GMP

GGC heuristics: --param ggc-min-expand=100 --param ggc-min-heapsize=131072
ignoring nonexistent directory "/home/ge49nuk2/spack/opt/spack/linux-sles15-zen2/gcc-10.2.1/cmake-3.20.3-crj7py7zplvpqll4geshojob3n3e74fq/include"
#include "..." search starts here:
#include <...> search starts here:
 /home/ge49nuk2/spack/opt/spack/linux-sles15-zen2/gcc-10.2.1/mpich-3.3.2-wgukgvfenyfgh75zdxi6lvgzsan7ozv2/include
 /home/ge49nuk2/localLibs/hclInstall/include
 /home/ge49nuk2/spack/opt/spack/linux-sles15-zen2/gcc-10.2.1/mercury-2.0.1-oqevoctlxhdr5gkttnkl5phzyda7xanw/include
 /home/ge49nuk2/spack/opt/spack/linux-sles15-zen2/gcc-10.2.1/mochi-thallium-0.7-6n6vjtbar3mp7gmemwe5dgdcednozcey/include
 /home/ge49nuk2/spack/opt/spack/linux-sles15-zen2/gcc-10.2.1/mochi-margo-0.9.4-fdas5sij4gdidk4huzam4gvz5zjiabmv/include
 /home/ge49nuk2/spack/opt/spack/linux-sles15-zen2/gcc-10.2.1/mochi-abt-io-0.5.1-uww34fumfusprenr2hgkumknfmkvwmf6/include
 /home/ge49nuk2/spack/opt/spack/linux-sles15-zen2/gcc-10.2.1/libfabric-1.11.1-ntngfsnyxp33zkakrojohe6yufqhrfrh/include
 /home/ge49nuk2/spack/opt/spack/linux-sles15-zen2/gcc-10.2.1/cereal-1.3.0-vd6dtp3ytdngo7ivuogbzlmq54zsm2kk/include
 /home/ge49nuk2/spack/opt/spack/linux-sles15-zen2/gcc-10.2.1/boost-1.76.0-hotyooiavzkc6kwweehdsc3jwyiepnig/include
 /home/ge49nuk2/spack/opt/spack/linux-sles15-zen2/gcc-10.2.1/argobots-1.1-jlfvqv6uxajfrabrdf5ymghaoe6jf56j/include
 /usr/lib64/gcc/x86_64-suse-linux/10/include
 /usr/local/include
 /usr/lib64/gcc/x86_64-suse-linux/10/include-fixed
 /usr/lib64/gcc/x86_64-suse-linux/10/../../../../x86_64-suse-linux/include
 /usr/include
End of search list.
GNU C17 (SUSE Linux) version 10.2.1 20200825 [revision c0746a1beb1ba073c7981eb09f55b3d993b32e5c] (x86_64-suse-linux)
	compiled by GNU C version 10.2.1 20200825 [revision c0746a1beb1ba073c7981eb09f55b3d993b32e5c], GMP version 6.1.2, MPFR version 4.0.1, MPC version 1.1.0, isl version isl-0.18-GMP

GGC heuristics: --param ggc-min-expand=100 --param ggc-min-heapsize=131072
Compiler executable checksum: 00000000000000000000000000000000
COLLECT_GCC_OPTIONS='-v' '-o' 'CMakeFiles/cmTC_9817f.dir/CMakeCCompilerABI.c.o' '-c' '-I' '/home/ge49nuk2/spack/opt/spack/linux-sles15-zen2/gcc-10.2.1/mpich-3.3.2-wgukgvfenyfgh75zdxi6lvgzsan7ozv2/include' '-mtune=generic' '-march=x86-64'
 /usr/lib64/gcc/x86_64-suse-linux/10/../../../../x86_64-suse-linux/bin/as -v -I /home/ge49nuk2/spack/opt/spack/linux-sles15-zen2/gcc-10.2.1/mpich-3.3.2-wgukgvfenyfgh75zdxi6lvgzsan7ozv2/include --64 -o CMakeFiles/cmTC_9817f.dir/CMakeCCompilerABI.c.o /tmp/ccZw7Xo1.s
GNU assembler version 2.32.0 (x86_64-suse-linux) using BFD version (GNU Binutils; SUSE Linux Enterprise 15) 2.32.0.20190909-7.8
COMPILER_PATH=/usr/lib64/gcc/x86_64-suse-linux/10/:/usr/lib64/gcc/x86_64-suse-linux/10/:/usr/lib64/gcc/x86_64-suse-linux/:/usr/lib64/gcc/x86_64-suse-linux/10/:/usr/lib64/gcc/x86_64-suse-linux/:/usr/lib64/gcc/x86_64-suse-linux/10/../../../../x86_64-suse-linux/bin/
LIBRARY_PATH=/home/ge49nuk2/localLibs/hclInstall/lib64/../lib64/:/usr/lib64/gcc/x86_64-suse-linux/10/:/usr/lib64/gcc/x86_64-suse-linux/10/../../../../lib64/:/lib/../lib64/:/usr/lib/../lib64/:/home/ge49nuk2/localLibs/hclInstall/lib64/:/home/ge49nuk2/spack/opt/spack/linux-sles15-zen2/gcc-10.2.1/mercury-2.0.1-oqevoctlxhdr5gkttnkl5phzyda7xanw/lib/:/home/ge49nuk2/spack/opt/spack/linux-sles15-zen2/gcc-10.2.1/mochi-thallium-0.7-6n6vjtbar3mp7gmemwe5dgdcednozcey/lib/:/home/ge49nuk2/spack/opt/spack/linux-sles15-zen2/gcc-10.2.1/mochi-margo-0.9.4-fdas5sij4gdidk4huzam4gvz5zjiabmv/lib/:/home/ge49nuk2/spack/opt/spack/linux-sles15-zen2/gcc-10.2.1/mochi-abt-io-0.5.1-uww34fumfusprenr2hgkumknfmkvwmf6/lib/:/home/ge49nuk2/spack/opt/spack/linux-sles15-zen2/gcc-10.2.1/libfabric-1.11.1-ntngfsnyxp33zkakrojohe6yufqhrfrh/lib/:/home/ge49nuk2/spack/opt/spack/linux-sles15-zen2/gcc-10.2.1/boost-1.76.0-hotyooiavzkc6kwweehdsc3jwyiepnig/lib/:/home/ge49nuk2/spack/opt/spack/linux-sles15-zen2/gcc-10.2.1/argobots-1.1-jlfvqv6uxajfrabrdf5ymghaoe6jf56j/lib/:/usr/lib64/gcc/x86_64-suse-linux/10/../../../../x86_64-suse-linux/lib/:/usr/lib64/gcc/x86_64-suse-linux/10/../../../:/lib/:/usr/lib/
COLLECT_GCC_OPTIONS='-v' '-o' 'CMakeFiles/cmTC_9817f.dir/CMakeCCompilerABI.c.o' '-c' '-I' '/home/ge49nuk2/spack/opt/spack/linux-sles15-zen2/gcc-10.2.1/mpich-3.3.2-wgukgvfenyfgh75zdxi6lvgzsan7ozv2/include' '-mtune=generic' '-march=x86-64'
Linking C executable cmTC_9817f
/home/ge49nuk2/spack/opt/spack/linux-sles15-zen2/gcc-10.2.1/cmake-3.20.3-crj7py7zplvpqll4geshojob3n3e74fq/bin/cmake -E cmake_link_script CMakeFiles/cmTC_9817f.dir/link.txt --verbose=1
/home/ge49nuk2/spack/opt/spack/linux-sles15-zen2/gcc-10.2.1/mpich-3.3.2-wgukgvfenyfgh75zdxi6lvgzsan7ozv2/bin/mpicc  -v CMakeFiles/cmTC_9817f.dir/CMakeCCompilerABI.c.o -o cmTC_9817f 
mpicc for MPICH version 3.3.2
Using built-in specs.
COLLECT_GCC=/usr/bin/gcc-10
COLLECT_LTO_WRAPPER=/usr/lib64/gcc/x86_64-suse-linux/10/lto-wrapper
OFFLOAD_TARGET_NAMES=nvptx-none
OFFLOAD_TARGET_DEFAULT=1
Target: x86_64-suse-linux
Configured with: ../configure --prefix=/usr --infodir=/usr/share/info --mandir=/usr/share/man --libdir=/usr/lib64 --libexecdir=/usr/lib64 --enable-languages=c,c++,objc,fortran,obj-c++,ada,go,d --enable-offload-targets=nvptx-none=/usr/nvptx-none, --without-cuda-driver --enable-checking=release --disable-werror --with-gxx-include-dir=/usr/include/c++/10 --enable-ssp --disable-libssp --disable-libvtv --enable-cet=auto --disable-libcc1 --disable-plugin --with-bugurl=https://bugs.opensuse.org/ --with-pkgversion='SUSE Linux' --with-slibdir=/lib64 --with-system-zlib --enable-libstdcxx-allocator=new --disable-libstdcxx-pch --enable-libphobos --enable-version-specific-runtime-libs --with-gcc-major-version-only --enable-linker-build-id --enable-linux-futex --enable-gnu-indirect-function --program-suffix=-10 --without-system-libunwind --enable-multilib --with-arch-32=x86-64 --with-tune=generic --build=x86_64-suse-linux --host=x86_64-suse-linux
Thread model: posix
Supported LTO compression algorithms: zlib
gcc version 10.2.1 20200825 [revision c0746a1beb1ba073c7981eb09f55b3d993b32e5c] (SUSE Linux) 
COMPILER_PATH=/usr/lib64/gcc/x86_64-suse-linux/10/:/usr/lib64/gcc/x86_64-suse-linux/10/:/usr/lib64/gcc/x86_64-suse-linux/:/usr/lib64/gcc/x86_64-suse-linux/10/:/usr/lib64/gcc/x86_64-suse-linux/:/usr/lib64/gcc/x86_64-suse-linux/10/../../../../x86_64-suse-linux/bin/
LIBRARY_PATH=/home/ge49nuk2/localLibs/hclInstall/lib64/../lib64/:/usr/lib64/gcc/x86_64-suse-linux/10/:/usr/lib64/gcc/x86_64-suse-linux/10/../../../../lib64/:/lib/../lib64/:/usr/lib/../lib64/:/home/ge49nuk2/localLibs/hclInstall/lib64/:/home/ge49nuk2/spack/opt/spack/linux-sles15-zen2/gcc-10.2.1/mercury-2.0.1-oqevoctlxhdr5gkttnkl5phzyda7xanw/lib/:/home/ge49nuk2/spack/opt/spack/linux-sles15-zen2/gcc-10.2.1/mochi-thallium-0.7-6n6vjtbar3mp7gmemwe5dgdcednozcey/lib/:/home/ge49nuk2/spack/opt/spack/linux-sles15-zen2/gcc-10.2.1/mochi-margo-0.9.4-fdas5sij4gdidk4huzam4gvz5zjiabmv/lib/:/home/ge49nuk2/spack/opt/spack/linux-sles15-zen2/gcc-10.2.1/mochi-abt-io-0.5.1-uww34fumfusprenr2hgkumknfmkvwmf6/lib/:/home/ge49nuk2/spack/opt/spack/linux-sles15-zen2/gcc-10.2.1/libfabric-1.11.1-ntngfsnyxp33zkakrojohe6yufqhrfrh/lib/:/home/ge49nuk2/spack/opt/spack/linux-sles15-zen2/gcc-10.2.1/boost-1.76.0-hotyooiavzkc6kwweehdsc3jwyiepnig/lib/:/home/ge49nuk2/spack/opt/spack/linux-sles15-zen2/gcc-10.2.1/argobots-1.1-jlfvqv6uxajfrabrdf5ymghaoe6jf56j/lib/:/usr/lib64/gcc/x86_64-suse-linux/10/../../../../x86_64-suse-linux/lib/:/usr/lib64/gcc/x86_64-suse-linux/10/../../../:/lib/:/usr/lib/
COLLECT_GCC_OPTIONS='-L/home/ge49nuk2/spack/opt/spack/linux-sles15-zen2/gcc-10.2.1/hwloc-2.4.1-bu232a3groh66oalha3d44er3olqd6yh/lib' '-v' '-o' 'cmTC_9817f' '-I' '/home/ge49nuk2/spack/opt/spack/linux-sles15-zen2/gcc-10.2.1/mpich-3.3.2-wgukgvfenyfgh75zdxi6lvgzsan7ozv2/include' '-L/home/ge49nuk2/spack/opt/spack/linux-sles15-zen2/gcc-10.2.1/mpich-3.3.2-wgukgvfenyfgh75zdxi6lvgzsan7ozv2/lib' '-mtune=generic' '-march=x86-64'
 /usr/lib64/gcc/x86_64-suse-linux/10/collect2 -plugin /usr/lib64/gcc/x86_64-suse-linux/10/liblto_plugin.so -plugin-opt=/usr/lib64/gcc/x86_64-suse-linux/10/lto-wrapper -plugin-opt=-fresolution=/tmp/ccLjDha7.res -plugin-opt=-pass-through=-lgcc -plugin-opt=-pass-through=-lgcc_s -plugin-opt=-pass-through=-lc -plugin-opt=-pass-through=-lgcc -plugin-opt=-pass-through=-lgcc_s --build-id --eh-frame-hdr -m elf_x86_64 -dynamic-linker /lib64/ld-linux-x86-64.so.2 -o cmTC_9817f /usr/lib64/gcc/x86_64-suse-linux/10/../../../../lib64/crt1.o /usr/lib64/gcc/x86_64-suse-linux/10/../../../../lib64/crti.o /usr/lib64/gcc/x86_64-suse-linux/10/crtbegin.o -L/home/ge49nuk2/spack/opt/spack/linux-sles15-zen2/gcc-10.2.1/hwloc-2.4.1-bu232a3groh66oalha3d44er3olqd6yh/lib -L/home/ge49nuk2/spack/opt/spack/linux-sles15-zen2/gcc-10.2.1/mpich-3.3.2-wgukgvfenyfgh75zdxi6lvgzsan7ozv2/lib -L/home/ge49nuk2/localLibs/hclInstall/lib64/../lib64 -L/usr/lib64/gcc/x86_64-suse-linux/10 -L/usr/lib64/gcc/x86_64-suse-linux/10/../../../../lib64 -L/lib/../lib64 -L/usr/lib/../lib64 -L/home/ge49nuk2/localLibs/hclInstall/lib64 -L/home/ge49nuk2/spack/opt/spack/linux-sles15-zen2/gcc-10.2.1/mercury-2.0.1-oqevoctlxhdr5gkttnkl5phzyda7xanw/lib -L/home/ge49nuk2/spack/opt/spack/linux-sles15-zen2/gcc-10.2.1/mochi-thallium-0.7-6n6vjtbar3mp7gmemwe5dgdcednozcey/lib -L/home/ge49nuk2/spack/opt/spack/linux-sles15-zen2/gcc-10.2.1/mochi-margo-0.9.4-fdas5sij4gdidk4huzam4gvz5zjiabmv/lib -L/home/ge49nuk2/spack/opt/spack/linux-sles15-zen2/gcc-10.2.1/mochi-abt-io-0.5.1-uww34fumfusprenr2hgkumknfmkvwmf6/lib -L/home/ge49nuk2/spack/opt/spack/linux-sles15-zen2/gcc-10.2.1/libfabric-1.11.1-ntngfsnyxp33zkakrojohe6yufqhrfrh/lib -L/home/ge49nuk2/spack/opt/spack/linux-sles15-zen2/gcc-10.2.1/boost-1.76.0-hotyooiavzkc6kwweehdsc3jwyiepnig/lib -L/home/ge49nuk2/spack/opt/spack/linux-sles15-zen2/gcc-10.2.1/argobots-1.1-jlfvqv6uxajfrabrdf5ymghaoe6jf56j/lib -L/usr/lib64/gcc/x86_64-suse-linux/10/../../../../x86_64-suse-linux/lib -L/usr/lib64/gcc/x86_64-suse-linux/10/../../.. CMakeFiles/cmTC_9817f.dir/CMakeCCompilerABI.c.o -rpath /home/ge49nuk2/spack/opt/spack/linux-sles15-zen2/gcc-10.2.1/mpich-3.3.2-wgukgvfenyfgh75zdxi6lvgzsan7ozv2/lib -lmpi -lgcc --push-state --as-needed -lgcc_s --pop-state -lc -lgcc --push-state --as-needed -lgcc_s --pop-state /usr/lib64/gcc/x86_64-suse-linux/10/crtend.o /usr/lib64/gcc/x86_64-suse-linux/10/../../../../lib64/crtn.o
COLLECT_GCC_OPTIONS='-L/home/ge49nuk2/spack/opt/spack/linux-sles15-zen2/gcc-10.2.1/hwloc-2.4.1-bu232a3groh66oalha3d44er3olqd6yh/lib' '-v' '-o' 'cmTC_9817f' '-I' '/home/ge49nuk2/spack/opt/spack/linux-sles15-zen2/gcc-10.2.1/mpich-3.3.2-wgukgvfenyfgh75zdxi6lvgzsan7ozv2/include' '-L/home/ge49nuk2/spack/opt/spack/linux-sles15-zen2/gcc-10.2.1/mpich-3.3.2-wgukgvfenyfgh75zdxi6lvgzsan7ozv2/lib' '-mtune=generic' '-march=x86-64'
gmake[1]: Leaving directory '/home/ge49nuk2/applications/hpc-stuff-playground/dist-stuff/hcl_examples/mxm_task_stealing_queue/build_on_beast_tcp/CMakeFiles/CMakeTmp'



Parsed C implicit include dir info from above output: rv=done
  found start of include info
  found start of implicit include info
    add: [/home/ge49nuk2/spack/opt/spack/linux-sles15-zen2/gcc-10.2.1/mpich-3.3.2-wgukgvfenyfgh75zdxi6lvgzsan7ozv2/include]
    add: [/home/ge49nuk2/localLibs/hclInstall/include]
    add: [/home/ge49nuk2/spack/opt/spack/linux-sles15-zen2/gcc-10.2.1/mercury-2.0.1-oqevoctlxhdr5gkttnkl5phzyda7xanw/include]
    add: [/home/ge49nuk2/spack/opt/spack/linux-sles15-zen2/gcc-10.2.1/mochi-thallium-0.7-6n6vjtbar3mp7gmemwe5dgdcednozcey/include]
    add: [/home/ge49nuk2/spack/opt/spack/linux-sles15-zen2/gcc-10.2.1/mochi-margo-0.9.4-fdas5sij4gdidk4huzam4gvz5zjiabmv/include]
    add: [/home/ge49nuk2/spack/opt/spack/linux-sles15-zen2/gcc-10.2.1/mochi-abt-io-0.5.1-uww34fumfusprenr2hgkumknfmkvwmf6/include]
    add: [/home/ge49nuk2/spack/opt/spack/linux-sles15-zen2/gcc-10.2.1/libfabric-1.11.1-ntngfsnyxp33zkakrojohe6yufqhrfrh/include]
    add: [/home/ge49nuk2/spack/opt/spack/linux-sles15-zen2/gcc-10.2.1/cereal-1.3.0-vd6dtp3ytdngo7ivuogbzlmq54zsm2kk/include]
    add: [/home/ge49nuk2/spack/opt/spack/linux-sles15-zen2/gcc-10.2.1/boost-1.76.0-hotyooiavzkc6kwweehdsc3jwyiepnig/include]
    add: [/home/ge49nuk2/spack/opt/spack/linux-sles15-zen2/gcc-10.2.1/argobots-1.1-jlfvqv6uxajfrabrdf5ymghaoe6jf56j/include]
    add: [/usr/lib64/gcc/x86_64-suse-linux/10/include]
    add: [/usr/local/include]
    add: [/usr/lib64/gcc/x86_64-suse-linux/10/include-fixed]
    add: [/usr/lib64/gcc/x86_64-suse-linux/10/../../../../x86_64-suse-linux/include]
    add: [/usr/include]
  end of search list found
  collapse include dir [/home/ge49nuk2/spack/opt/spack/linux-sles15-zen2/gcc-10.2.1/mpich-3.3.2-wgukgvfenyfgh75zdxi6lvgzsan7ozv2/include] ==> [/home/ge49nuk2/spack/opt/spack/linux-sles15-zen2/gcc-10.2.1/mpich-3.3.2-wgukgvfenyfgh75zdxi6lvgzsan7ozv2/include]
  collapse include dir [/home/ge49nuk2/localLibs/hclInstall/include] ==> [/home/ge49nuk2/localLibs/hclInstall/include]
  collapse include dir [/home/ge49nuk2/spack/opt/spack/linux-sles15-zen2/gcc-10.2.1/mercury-2.0.1-oqevoctlxhdr5gkttnkl5phzyda7xanw/include] ==> [/home/ge49nuk2/spack/opt/spack/linux-sles15-zen2/gcc-10.2.1/mercury-2.0.1-oqevoctlxhdr5gkttnkl5phzyda7xanw/include]
  collapse include dir [/home/ge49nuk2/spack/opt/spack/linux-sles15-zen2/gcc-10.2.1/mochi-thallium-0.7-6n6vjtbar3mp7gmemwe5dgdcednozcey/include] ==> [/home/ge49nuk2/spack/opt/spack/linux-sles15-zen2/gcc-10.2.1/mochi-thallium-0.7-6n6vjtbar3mp7gmemwe5dgdcednozcey/include]
  collapse include dir [/home/ge49nuk2/spack/opt/spack/linux-sles15-zen2/gcc-10.2.1/mochi-margo-0.9.4-fdas5sij4gdidk4huzam4gvz5zjiabmv/include] ==> [/home/ge49nuk2/spack/opt/spack/linux-sles15-zen2/gcc-10.2.1/mochi-margo-0.9.4-fdas5sij4gdidk4huzam4gvz5zjiabmv/include]
  collapse include dir [/home/ge49nuk2/spack/opt/spack/linux-sles15-zen2/gcc-10.2.1/mochi-abt-io-0.5.1-uww34fumfusprenr2hgkumknfmkvwmf6/include] ==> [/home/ge49nuk2/spack/opt/spack/linux-sles15-zen2/gcc-10.2.1/mochi-abt-io-0.5.1-uww34fumfusprenr2hgkumknfmkvwmf6/include]
  collapse include dir [/home/ge49nuk2/spack/opt/spack/linux-sles15-zen2/gcc-10.2.1/libfabric-1.11.1-ntngfsnyxp33zkakrojohe6yufqhrfrh/include] ==> [/home/ge49nuk2/spack/opt/spack/linux-sles15-zen2/gcc-10.2.1/libfabric-1.11.1-ntngfsnyxp33zkakrojohe6yufqhrfrh/include]
  collapse include dir [/home/ge49nuk2/spack/opt/spack/linux-sles15-zen2/gcc-10.2.1/cereal-1.3.0-vd6dtp3ytdngo7ivuogbzlmq54zsm2kk/include] ==> [/home/ge49nuk2/spack/opt/spack/linux-sles15-zen2/gcc-10.2.1/cereal-1.3.0-vd6dtp3ytdngo7ivuogbzlmq54zsm2kk/include]
  collapse include dir [/home/ge49nuk2/spack/opt/spack/linux-sles15-zen2/gcc-10.2.1/boost-1.76.0-hotyooiavzkc6kwweehdsc3jwyiepnig/include] ==> [/home/ge49nuk2/spack/opt/spack/linux-sles15-zen2/gcc-10.2.1/boost-1.76.0-hotyooiavzkc6kwweehdsc3jwyiepnig/include]
  collapse include dir [/home/ge49nuk2/spack/opt/spack/linux-sles15-zen2/gcc-10.2.1/argobots-1.1-jlfvqv6uxajfrabrdf5ymghaoe6jf56j/include] ==> [/home/ge49nuk2/spack/opt/spack/linux-sles15-zen2/gcc-10.2.1/argobots-1.1-jlfvqv6uxajfrabrdf5ymghaoe6jf56j/include]
  collapse include dir [/usr/lib64/gcc/x86_64-suse-linux/10/include] ==> [/usr/lib64/gcc/x86_64-suse-linux/10/include]
  collapse include dir [/usr/local/include] ==> [/usr/local/include]
  collapse include dir [/usr/lib64/gcc/x86_64-suse-linux/10/include-fixed] ==> [/usr/lib64/gcc/x86_64-suse-linux/10/include-fixed]
  collapse include dir [/usr/lib64/gcc/x86_64-suse-linux/10/../../../../x86_64-suse-linux/include] ==> [/usr/x86_64-suse-linux/include]
  collapse include dir [/usr/include] ==> [/usr/include]
  implicit include dirs: [/home/ge49nuk2/spack/opt/spack/linux-sles15-zen2/gcc-10.2.1/mpich-3.3.2-wgukgvfenyfgh75zdxi6lvgzsan7ozv2/include;/home/ge49nuk2/localLibs/hclInstall/include;/home/ge49nuk2/spack/opt/spack/linux-sles15-zen2/gcc-10.2.1/mercury-2.0.1-oqevoctlxhdr5gkttnkl5phzyda7xanw/include;/home/ge49nuk2/spack/opt/spack/linux-sles15-zen2/gcc-10.2.1/mochi-thallium-0.7-6n6vjtbar3mp7gmemwe5dgdcednozcey/include;/home/ge49nuk2/spack/opt/spack/linux-sles15-zen2/gcc-10.2.1/mochi-margo-0.9.4-fdas5sij4gdidk4huzam4gvz5zjiabmv/include;/home/ge49nuk2/spack/opt/spack/linux-sles15-zen2/gcc-10.2.1/mochi-abt-io-0.5.1-uww34fumfusprenr2hgkumknfmkvwmf6/include;/home/ge49nuk2/spack/opt/spack/linux-sles15-zen2/gcc-10.2.1/libfabric-1.11.1-ntngfsnyxp33zkakrojohe6yufqhrfrh/include;/home/ge49nuk2/spack/opt/spack/linux-sles15-zen2/gcc-10.2.1/cereal-1.3.0-vd6dtp3ytdngo7ivuogbzlmq54zsm2kk/include;/home/ge49nuk2/spack/opt/spack/linux-sles15-zen2/gcc-10.2.1/boost-1.76.0-hotyooiavzkc6kwweehdsc3jwyiepnig/include;/home/ge49nuk2/spack/opt/spack/linux-sles15-zen2/gcc-10.2.1/argobots-1.1-jlfvqv6uxajfrabrdf5ymghaoe6jf56j/include;/usr/lib64/gcc/x86_64-suse-linux/10/include;/usr/local/include;/usr/lib64/gcc/x86_64-suse-linux/10/include-fixed;/usr/x86_64-suse-linux/include;/usr/include]


Parsed C implicit link information from above output:
  link line regex: [^( *|.*[/\])(ld|CMAKE_LINK_STARTFILE-NOTFOUND|([^/\]+-)?ld|collect2)[^/\]*( |$)]
  ignore line: [Change Dir: /home/ge49nuk2/applications/hpc-stuff-playground/dist-stuff/hcl_examples/mxm_task_stealing_queue/build_on_beast_tcp/CMakeFiles/CMakeTmp]
  ignore line: []
  ignore line: [Run Build Command(s):/usr/bin/gmake -f Makefile cmTC_9817f/fast && /usr/bin/gmake  -f CMakeFiles/cmTC_9817f.dir/build.make CMakeFiles/cmTC_9817f.dir/build]
  ignore line: [gmake[1]: Entering directory '/home/ge49nuk2/applications/hpc-stuff-playground/dist-stuff/hcl_examples/mxm_task_stealing_queue/build_on_beast_tcp/CMakeFiles/CMakeTmp']
  ignore line: [Building C object CMakeFiles/cmTC_9817f.dir/CMakeCCompilerABI.c.o]
  ignore line: [/home/ge49nuk2/spack/opt/spack/linux-sles15-zen2/gcc-10.2.1/mpich-3.3.2-wgukgvfenyfgh75zdxi6lvgzsan7ozv2/bin/mpicc   -v -o CMakeFiles/cmTC_9817f.dir/CMakeCCompilerABI.c.o -c /home/ge49nuk2/spack/opt/spack/linux-sles15-zen2/gcc-10.2.1/cmake-3.20.3-crj7py7zplvpqll4geshojob3n3e74fq/share/cmake-3.20/Modules/CMakeCCompilerABI.c]
  ignore line: [mpicc for MPICH version 3.3.2]
  ignore line: [Using built-in specs.]
  ignore line: [COLLECT_GCC=/usr/bin/gcc-10]
  ignore line: [OFFLOAD_TARGET_NAMES=nvptx-none]
  ignore line: [OFFLOAD_TARGET_DEFAULT=1]
  ignore line: [Target: x86_64-suse-linux]
  ignore line: [Configured with: ../configure --prefix=/usr --infodir=/usr/share/info --mandir=/usr/share/man --libdir=/usr/lib64 --libexecdir=/usr/lib64 --enable-languages=c c++ objc fortran obj-c++ ada go d --enable-offload-targets=nvptx-none=/usr/nvptx-none  --without-cuda-driver --enable-checking=release --disable-werror --with-gxx-include-dir=/usr/include/c++/10 --enable-ssp --disable-libssp --disable-libvtv --enable-cet=auto --disable-libcc1 --disable-plugin --with-bugurl=https://bugs.opensuse.org/ --with-pkgversion='SUSE Linux' --with-slibdir=/lib64 --with-system-zlib --enable-libstdcxx-allocator=new --disable-libstdcxx-pch --enable-libphobos --enable-version-specific-runtime-libs --with-gcc-major-version-only --enable-linker-build-id --enable-linux-futex --enable-gnu-indirect-function --program-suffix=-10 --without-system-libunwind --enable-multilib --with-arch-32=x86-64 --with-tune=generic --build=x86_64-suse-linux --host=x86_64-suse-linux]
  ignore line: [Thread model: posix]
  ignore line: [Supported LTO compression algorithms: zlib]
  ignore line: [gcc version 10.2.1 20200825 [revision c0746a1beb1ba073c7981eb09f55b3d993b32e5c] (SUSE Linux) ]
  ignore line: [COLLECT_GCC_OPTIONS='-v' '-o' 'CMakeFiles/cmTC_9817f.dir/CMakeCCompilerABI.c.o' '-c' '-I' '/home/ge49nuk2/spack/opt/spack/linux-sles15-zen2/gcc-10.2.1/mpich-3.3.2-wgukgvfenyfgh75zdxi6lvgzsan7ozv2/include' '-mtune=generic' '-march=x86-64']
  ignore line: [ /usr/lib64/gcc/x86_64-suse-linux/10/cc1 -quiet -v -I /home/ge49nuk2/spack/opt/spack/linux-sles15-zen2/gcc-10.2.1/mpich-3.3.2-wgukgvfenyfgh75zdxi6lvgzsan7ozv2/include /home/ge49nuk2/spack/opt/spack/linux-sles15-zen2/gcc-10.2.1/cmake-3.20.3-crj7py7zplvpqll4geshojob3n3e74fq/share/cmake-3.20/Modules/CMakeCCompilerABI.c -quiet -dumpbase CMakeCCompilerABI.c -mtune=generic -march=x86-64 -auxbase-strip CMakeFiles/cmTC_9817f.dir/CMakeCCompilerABI.c.o -version -o /tmp/ccZw7Xo1.s]
  ignore line: [GNU C17 (SUSE Linux) version 10.2.1 20200825 [revision c0746a1beb1ba073c7981eb09f55b3d993b32e5c] (x86_64-suse-linux)]
  ignore line: [	compiled by GNU C version 10.2.1 20200825 [revision c0746a1beb1ba073c7981eb09f55b3d993b32e5c]  GMP version 6.1.2  MPFR version 4.0.1  MPC version 1.1.0  isl version isl-0.18-GMP]
  ignore line: []
  ignore line: [GGC heuristics: --param ggc-min-expand=100 --param ggc-min-heapsize=131072]
  ignore line: [ignoring nonexistent directory "/home/ge49nuk2/spack/opt/spack/linux-sles15-zen2/gcc-10.2.1/cmake-3.20.3-crj7py7zplvpqll4geshojob3n3e74fq/include"]
  ignore line: [#include "..." search starts here:]
  ignore line: [#include <...> search starts here:]
  ignore line: [ /home/ge49nuk2/spack/opt/spack/linux-sles15-zen2/gcc-10.2.1/mpich-3.3.2-wgukgvfenyfgh75zdxi6lvgzsan7ozv2/include]
  ignore line: [ /home/ge49nuk2/localLibs/hclInstall/include]
  ignore line: [ /home/ge49nuk2/spack/opt/spack/linux-sles15-zen2/gcc-10.2.1/mercury-2.0.1-oqevoctlxhdr5gkttnkl5phzyda7xanw/include]
  ignore line: [ /home/ge49nuk2/spack/opt/spack/linux-sles15-zen2/gcc-10.2.1/mochi-thallium-0.7-6n6vjtbar3mp7gmemwe5dgdcednozcey/include]
  ignore line: [ /home/ge49nuk2/spack/opt/spack/linux-sles15-zen2/gcc-10.2.1/mochi-margo-0.9.4-fdas5sij4gdidk4huzam4gvz5zjiabmv/include]
  ignore line: [ /home/ge49nuk2/spack/opt/spack/linux-sles15-zen2/gcc-10.2.1/mochi-abt-io-0.5.1-uww34fumfusprenr2hgkumknfmkvwmf6/include]
  ignore line: [ /home/ge49nuk2/spack/opt/spack/linux-sles15-zen2/gcc-10.2.1/libfabric-1.11.1-ntngfsnyxp33zkakrojohe6yufqhrfrh/include]
  ignore line: [ /home/ge49nuk2/spack/opt/spack/linux-sles15-zen2/gcc-10.2.1/cereal-1.3.0-vd6dtp3ytdngo7ivuogbzlmq54zsm2kk/include]
  ignore line: [ /home/ge49nuk2/spack/opt/spack/linux-sles15-zen2/gcc-10.2.1/boost-1.76.0-hotyooiavzkc6kwweehdsc3jwyiepnig/include]
  ignore line: [ /home/ge49nuk2/spack/opt/spack/linux-sles15-zen2/gcc-10.2.1/argobots-1.1-jlfvqv6uxajfrabrdf5ymghaoe6jf56j/include]
  ignore line: [ /usr/lib64/gcc/x86_64-suse-linux/10/include]
  ignore line: [ /usr/local/include]
  ignore line: [ /usr/lib64/gcc/x86_64-suse-linux/10/include-fixed]
  ignore line: [ /usr/lib64/gcc/x86_64-suse-linux/10/../../../../x86_64-suse-linux/include]
  ignore line: [ /usr/include]
  ignore line: [End of search list.]
  ignore line: [GNU C17 (SUSE Linux) version 10.2.1 20200825 [revision c0746a1beb1ba073c7981eb09f55b3d993b32e5c] (x86_64-suse-linux)]
  ignore line: [	compiled by GNU C version 10.2.1 20200825 [revision c0746a1beb1ba073c7981eb09f55b3d993b32e5c]  GMP version 6.1.2  MPFR version 4.0.1  MPC version 1.1.0  isl version isl-0.18-GMP]
  ignore line: []
  ignore line: [GGC heuristics: --param ggc-min-expand=100 --param ggc-min-heapsize=131072]
  ignore line: [Compiler executable checksum: 00000000000000000000000000000000]
  ignore line: [COLLECT_GCC_OPTIONS='-v' '-o' 'CMakeFiles/cmTC_9817f.dir/CMakeCCompilerABI.c.o' '-c' '-I' '/home/ge49nuk2/spack/opt/spack/linux-sles15-zen2/gcc-10.2.1/mpich-3.3.2-wgukgvfenyfgh75zdxi6lvgzsan7ozv2/include' '-mtune=generic' '-march=x86-64']
  ignore line: [ /usr/lib64/gcc/x86_64-suse-linux/10/../../../../x86_64-suse-linux/bin/as -v -I /home/ge49nuk2/spack/opt/spack/linux-sles15-zen2/gcc-10.2.1/mpich-3.3.2-wgukgvfenyfgh75zdxi6lvgzsan7ozv2/include --64 -o CMakeFiles/cmTC_9817f.dir/CMakeCCompilerABI.c.o /tmp/ccZw7Xo1.s]
  ignore line: [GNU assembler version 2.32.0 (x86_64-suse-linux) using BFD version (GNU Binutils]
  ignore line: [ SUSE Linux Enterprise 15) 2.32.0.20190909-7.8]
  ignore line: [COMPILER_PATH=/usr/lib64/gcc/x86_64-suse-linux/10/:/usr/lib64/gcc/x86_64-suse-linux/10/:/usr/lib64/gcc/x86_64-suse-linux/:/usr/lib64/gcc/x86_64-suse-linux/10/:/usr/lib64/gcc/x86_64-suse-linux/:/usr/lib64/gcc/x86_64-suse-linux/10/../../../../x86_64-suse-linux/bin/]
  ignore line: [LIBRARY_PATH=/home/ge49nuk2/localLibs/hclInstall/lib64/../lib64/:/usr/lib64/gcc/x86_64-suse-linux/10/:/usr/lib64/gcc/x86_64-suse-linux/10/../../../../lib64/:/lib/../lib64/:/usr/lib/../lib64/:/home/ge49nuk2/localLibs/hclInstall/lib64/:/home/ge49nuk2/spack/opt/spack/linux-sles15-zen2/gcc-10.2.1/mercury-2.0.1-oqevoctlxhdr5gkttnkl5phzyda7xanw/lib/:/home/ge49nuk2/spack/opt/spack/linux-sles15-zen2/gcc-10.2.1/mochi-thallium-0.7-6n6vjtbar3mp7gmemwe5dgdcednozcey/lib/:/home/ge49nuk2/spack/opt/spack/linux-sles15-zen2/gcc-10.2.1/mochi-margo-0.9.4-fdas5sij4gdidk4huzam4gvz5zjiabmv/lib/:/home/ge49nuk2/spack/opt/spack/linux-sles15-zen2/gcc-10.2.1/mochi-abt-io-0.5.1-uww34fumfusprenr2hgkumknfmkvwmf6/lib/:/home/ge49nuk2/spack/opt/spack/linux-sles15-zen2/gcc-10.2.1/libfabric-1.11.1-ntngfsnyxp33zkakrojohe6yufqhrfrh/lib/:/home/ge49nuk2/spack/opt/spack/linux-sles15-zen2/gcc-10.2.1/boost-1.76.0-hotyooiavzkc6kwweehdsc3jwyiepnig/lib/:/home/ge49nuk2/spack/opt/spack/linux-sles15-zen2/gcc-10.2.1/argobots-1.1-jlfvqv6uxajfrabrdf5ymghaoe6jf56j/lib/:/usr/lib64/gcc/x86_64-suse-linux/10/../../../../x86_64-suse-linux/lib/:/usr/lib64/gcc/x86_64-suse-linux/10/../../../:/lib/:/usr/lib/]
  ignore line: [COLLECT_GCC_OPTIONS='-v' '-o' 'CMakeFiles/cmTC_9817f.dir/CMakeCCompilerABI.c.o' '-c' '-I' '/home/ge49nuk2/spack/opt/spack/linux-sles15-zen2/gcc-10.2.1/mpich-3.3.2-wgukgvfenyfgh75zdxi6lvgzsan7ozv2/include' '-mtune=generic' '-march=x86-64']
  ignore line: [Linking C executable cmTC_9817f]
  ignore line: [/home/ge49nuk2/spack/opt/spack/linux-sles15-zen2/gcc-10.2.1/cmake-3.20.3-crj7py7zplvpqll4geshojob3n3e74fq/bin/cmake -E cmake_link_script CMakeFiles/cmTC_9817f.dir/link.txt --verbose=1]
  ignore line: [/home/ge49nuk2/spack/opt/spack/linux-sles15-zen2/gcc-10.2.1/mpich-3.3.2-wgukgvfenyfgh75zdxi6lvgzsan7ozv2/bin/mpicc  -v CMakeFiles/cmTC_9817f.dir/CMakeCCompilerABI.c.o -o cmTC_9817f ]
  ignore line: [mpicc for MPICH version 3.3.2]
  ignore line: [Using built-in specs.]
  ignore line: [COLLECT_GCC=/usr/bin/gcc-10]
  ignore line: [COLLECT_LTO_WRAPPER=/usr/lib64/gcc/x86_64-suse-linux/10/lto-wrapper]
  ignore line: [OFFLOAD_TARGET_NAMES=nvptx-none]
  ignore line: [OFFLOAD_TARGET_DEFAULT=1]
  ignore line: [Target: x86_64-suse-linux]
  ignore line: [Configured with: ../configure --prefix=/usr --infodir=/usr/share/info --mandir=/usr/share/man --libdir=/usr/lib64 --libexecdir=/usr/lib64 --enable-languages=c c++ objc fortran obj-c++ ada go d --enable-offload-targets=nvptx-none=/usr/nvptx-none  --without-cuda-driver --enable-checking=release --disable-werror --with-gxx-include-dir=/usr/include/c++/10 --enable-ssp --disable-libssp --disable-libvtv --enable-cet=auto --disable-libcc1 --disable-plugin --with-bugurl=https://bugs.opensuse.org/ --with-pkgversion='SUSE Linux' --with-slibdir=/lib64 --with-system-zlib --enable-libstdcxx-allocator=new --disable-libstdcxx-pch --enable-libphobos --enable-version-specific-runtime-libs --with-gcc-major-version-only --enable-linker-build-id --enable-linux-futex --enable-gnu-indirect-function --program-suffix=-10 --without-system-libunwind --enable-multilib --with-arch-32=x86-64 --with-tune=generic --build=x86_64-suse-linux --host=x86_64-suse-linux]
  ignore line: [Thread model: posix]
  ignore line: [Supported LTO compression algorithms: zlib]
  ignore line: [gcc version 10.2.1 20200825 [revision c0746a1beb1ba073c7981eb09f55b3d993b32e5c] (SUSE Linux) ]
  ignore line: [COMPILER_PATH=/usr/lib64/gcc/x86_64-suse-linux/10/:/usr/lib64/gcc/x86_64-suse-linux/10/:/usr/lib64/gcc/x86_64-suse-linux/:/usr/lib64/gcc/x86_64-suse-linux/10/:/usr/lib64/gcc/x86_64-suse-linux/:/usr/lib64/gcc/x86_64-suse-linux/10/../../../../x86_64-suse-linux/bin/]
  ignore line: [LIBRARY_PATH=/home/ge49nuk2/localLibs/hclInstall/lib64/../lib64/:/usr/lib64/gcc/x86_64-suse-linux/10/:/usr/lib64/gcc/x86_64-suse-linux/10/../../../../lib64/:/lib/../lib64/:/usr/lib/../lib64/:/home/ge49nuk2/localLibs/hclInstall/lib64/:/home/ge49nuk2/spack/opt/spack/linux-sles15-zen2/gcc-10.2.1/mercury-2.0.1-oqevoctlxhdr5gkttnkl5phzyda7xanw/lib/:/home/ge49nuk2/spack/opt/spack/linux-sles15-zen2/gcc-10.2.1/mochi-thallium-0.7-6n6vjtbar3mp7gmemwe5dgdcednozcey/lib/:/home/ge49nuk2/spack/opt/spack/linux-sles15-zen2/gcc-10.2.1/mochi-margo-0.9.4-fdas5sij4gdidk4huzam4gvz5zjiabmv/lib/:/home/ge49nuk2/spack/opt/spack/linux-sles15-zen2/gcc-10.2.1/mochi-abt-io-0.5.1-uww34fumfusprenr2hgkumknfmkvwmf6/lib/:/home/ge49nuk2/spack/opt/spack/linux-sles15-zen2/gcc-10.2.1/libfabric-1.11.1-ntngfsnyxp33zkakrojohe6yufqhrfrh/lib/:/home/ge49nuk2/spack/opt/spack/linux-sles15-zen2/gcc-10.2.1/boost-1.76.0-hotyooiavzkc6kwweehdsc3jwyiepnig/lib/:/home/ge49nuk2/spack/opt/spack/linux-sles15-zen2/gcc-10.2.1/argobots-1.1-jlfvqv6uxajfrabrdf5ymghaoe6jf56j/lib/:/usr/lib64/gcc/x86_64-suse-linux/10/../../../../x86_64-suse-linux/lib/:/usr/lib64/gcc/x86_64-suse-linux/10/../../../:/lib/:/usr/lib/]
  ignore line: [COLLECT_GCC_OPTIONS='-L/home/ge49nuk2/spack/opt/spack/linux-sles15-zen2/gcc-10.2.1/hwloc-2.4.1-bu232a3groh66oalha3d44er3olqd6yh/lib' '-v' '-o' 'cmTC_9817f' '-I' '/home/ge49nuk2/spack/opt/spack/linux-sles15-zen2/gcc-10.2.1/mpich-3.3.2-wgukgvfenyfgh75zdxi6lvgzsan7ozv2/include' '-L/home/ge49nuk2/spack/opt/spack/linux-sles15-zen2/gcc-10.2.1/mpich-3.3.2-wgukgvfenyfgh75zdxi6lvgzsan7ozv2/lib' '-mtune=generic' '-march=x86-64']
  link line: [ /usr/lib64/gcc/x86_64-suse-linux/10/collect2 -plugin /usr/lib64/gcc/x86_64-suse-linux/10/liblto_plugin.so -plugin-opt=/usr/lib64/gcc/x86_64-suse-linux/10/lto-wrapper -plugin-opt=-fresolution=/tmp/ccLjDha7.res -plugin-opt=-pass-through=-lgcc -plugin-opt=-pass-through=-lgcc_s -plugin-opt=-pass-through=-lc -plugin-opt=-pass-through=-lgcc -plugin-opt=-pass-through=-lgcc_s --build-id --eh-frame-hdr -m elf_x86_64 -dynamic-linker /lib64/ld-linux-x86-64.so.2 -o cmTC_9817f /usr/lib64/gcc/x86_64-suse-linux/10/../../../../lib64/crt1.o /usr/lib64/gcc/x86_64-suse-linux/10/../../../../lib64/crti.o /usr/lib64/gcc/x86_64-suse-linux/10/crtbegin.o -L/home/ge49nuk2/spack/opt/spack/linux-sles15-zen2/gcc-10.2.1/hwloc-2.4.1-bu232a3groh66oalha3d44er3olqd6yh/lib -L/home/ge49nuk2/spack/opt/spack/linux-sles15-zen2/gcc-10.2.1/mpich-3.3.2-wgukgvfenyfgh75zdxi6lvgzsan7ozv2/lib -L/home/ge49nuk2/localLibs/hclInstall/lib64/../lib64 -L/usr/lib64/gcc/x86_64-suse-linux/10 -L/usr/lib64/gcc/x86_64-suse-linux/10/../../../../lib64 -L/lib/../lib64 -L/usr/lib/../lib64 -L/home/ge49nuk2/localLibs/hclInstall/lib64 -L/home/ge49nuk2/spack/opt/spack/linux-sles15-zen2/gcc-10.2.1/mercury-2.0.1-oqevoctlxhdr5gkttnkl5phzyda7xanw/lib -L/home/ge49nuk2/spack/opt/spack/linux-sles15-zen2/gcc-10.2.1/mochi-thallium-0.7-6n6vjtbar3mp7gmemwe5dgdcednozcey/lib -L/home/ge49nuk2/spack/opt/spack/linux-sles15-zen2/gcc-10.2.1/mochi-margo-0.9.4-fdas5sij4gdidk4huzam4gvz5zjiabmv/lib -L/home/ge49nuk2/spack/opt/spack/linux-sles15-zen2/gcc-10.2.1/mochi-abt-io-0.5.1-uww34fumfusprenr2hgkumknfmkvwmf6/lib -L/home/ge49nuk2/spack/opt/spack/linux-sles15-zen2/gcc-10.2.1/libfabric-1.11.1-ntngfsnyxp33zkakrojohe6yufqhrfrh/lib -L/home/ge49nuk2/spack/opt/spack/linux-sles15-zen2/gcc-10.2.1/boost-1.76.0-hotyooiavzkc6kwweehdsc3jwyiepnig/lib -L/home/ge49nuk2/spack/opt/spack/linux-sles15-zen2/gcc-10.2.1/argobots-1.1-jlfvqv6uxajfrabrdf5ymghaoe6jf56j/lib -L/usr/lib64/gcc/x86_64-suse-linux/10/../../../../x86_64-suse-linux/lib -L/usr/lib64/gcc/x86_64-suse-linux/10/../../.. CMakeFiles/cmTC_9817f.dir/CMakeCCompilerABI.c.o -rpath /home/ge49nuk2/spack/opt/spack/linux-sles15-zen2/gcc-10.2.1/mpich-3.3.2-wgukgvfenyfgh75zdxi6lvgzsan7ozv2/lib -lmpi -lgcc --push-state --as-needed -lgcc_s --pop-state -lc -lgcc --push-state --as-needed -lgcc_s --pop-state /usr/lib64/gcc/x86_64-suse-linux/10/crtend.o /usr/lib64/gcc/x86_64-suse-linux/10/../../../../lib64/crtn.o]
    arg [/usr/lib64/gcc/x86_64-suse-linux/10/collect2] ==> ignore
    arg [-plugin] ==> ignore
    arg [/usr/lib64/gcc/x86_64-suse-linux/10/liblto_plugin.so] ==> ignore
    arg [-plugin-opt=/usr/lib64/gcc/x86_64-suse-linux/10/lto-wrapper] ==> ignore
    arg [-plugin-opt=-fresolution=/tmp/ccLjDha7.res] ==> ignore
    arg [-plugin-opt=-pass-through=-lgcc] ==> ignore
    arg [-plugin-opt=-pass-through=-lgcc_s] ==> ignore
    arg [-plugin-opt=-pass-through=-lc] ==> ignore
    arg [-plugin-opt=-pass-through=-lgcc] ==> ignore
    arg [-plugin-opt=-pass-through=-lgcc_s] ==> ignore
    arg [--build-id] ==> ignore
    arg [--eh-frame-hdr] ==> ignore
    arg [-m] ==> ignore
    arg [elf_x86_64] ==> ignore
    arg [-dynamic-linker] ==> ignore
    arg [/lib64/ld-linux-x86-64.so.2] ==> ignore
    arg [-o] ==> ignore
    arg [cmTC_9817f] ==> ignore
    arg [/usr/lib64/gcc/x86_64-suse-linux/10/../../../../lib64/crt1.o] ==> obj [/usr/lib64/gcc/x86_64-suse-linux/10/../../../../lib64/crt1.o]
    arg [/usr/lib64/gcc/x86_64-suse-linux/10/../../../../lib64/crti.o] ==> obj [/usr/lib64/gcc/x86_64-suse-linux/10/../../../../lib64/crti.o]
    arg [/usr/lib64/gcc/x86_64-suse-linux/10/crtbegin.o] ==> obj [/usr/lib64/gcc/x86_64-suse-linux/10/crtbegin.o]
    arg [-L/home/ge49nuk2/spack/opt/spack/linux-sles15-zen2/gcc-10.2.1/hwloc-2.4.1-bu232a3groh66oalha3d44er3olqd6yh/lib] ==> dir [/home/ge49nuk2/spack/opt/spack/linux-sles15-zen2/gcc-10.2.1/hwloc-2.4.1-bu232a3groh66oalha3d44er3olqd6yh/lib]
    arg [-L/home/ge49nuk2/spack/opt/spack/linux-sles15-zen2/gcc-10.2.1/mpich-3.3.2-wgukgvfenyfgh75zdxi6lvgzsan7ozv2/lib] ==> dir [/home/ge49nuk2/spack/opt/spack/linux-sles15-zen2/gcc-10.2.1/mpich-3.3.2-wgukgvfenyfgh75zdxi6lvgzsan7ozv2/lib]
    arg [-L/home/ge49nuk2/localLibs/hclInstall/lib64/../lib64] ==> dir [/home/ge49nuk2/localLibs/hclInstall/lib64/../lib64]
    arg [-L/usr/lib64/gcc/x86_64-suse-linux/10] ==> dir [/usr/lib64/gcc/x86_64-suse-linux/10]
    arg [-L/usr/lib64/gcc/x86_64-suse-linux/10/../../../../lib64] ==> dir [/usr/lib64/gcc/x86_64-suse-linux/10/../../../../lib64]
    arg [-L/lib/../lib64] ==> dir [/lib/../lib64]
    arg [-L/usr/lib/../lib64] ==> dir [/usr/lib/../lib64]
    arg [-L/home/ge49nuk2/localLibs/hclInstall/lib64] ==> dir [/home/ge49nuk2/localLibs/hclInstall/lib64]
    arg [-L/home/ge49nuk2/spack/opt/spack/linux-sles15-zen2/gcc-10.2.1/mercury-2.0.1-oqevoctlxhdr5gkttnkl5phzyda7xanw/lib] ==> dir [/home/ge49nuk2/spack/opt/spack/linux-sles15-zen2/gcc-10.2.1/mercury-2.0.1-oqevoctlxhdr5gkttnkl5phzyda7xanw/lib]
    arg [-L/home/ge49nuk2/spack/opt/spack/linux-sles15-zen2/gcc-10.2.1/mochi-thallium-0.7-6n6vjtbar3mp7gmemwe5dgdcednozcey/lib] ==> dir [/home/ge49nuk2/spack/opt/spack/linux-sles15-zen2/gcc-10.2.1/mochi-thallium-0.7-6n6vjtbar3mp7gmemwe5dgdcednozcey/lib]
    arg [-L/home/ge49nuk2/spack/opt/spack/linux-sles15-zen2/gcc-10.2.1/mochi-margo-0.9.4-fdas5sij4gdidk4huzam4gvz5zjiabmv/lib] ==> dir [/home/ge49nuk2/spack/opt/spack/linux-sles15-zen2/gcc-10.2.1/mochi-margo-0.9.4-fdas5sij4gdidk4huzam4gvz5zjiabmv/lib]
    arg [-L/home/ge49nuk2/spack/opt/spack/linux-sles15-zen2/gcc-10.2.1/mochi-abt-io-0.5.1-uww34fumfusprenr2hgkumknfmkvwmf6/lib] ==> dir [/home/ge49nuk2/spack/opt/spack/linux-sles15-zen2/gcc-10.2.1/mochi-abt-io-0.5.1-uww34fumfusprenr2hgkumknfmkvwmf6/lib]
    arg [-L/home/ge49nuk2/spack/opt/spack/linux-sles15-zen2/gcc-10.2.1/libfabric-1.11.1-ntngfsnyxp33zkakrojohe6yufqhrfrh/lib] ==> dir [/home/ge49nuk2/spack/opt/spack/linux-sles15-zen2/gcc-10.2.1/libfabric-1.11.1-ntngfsnyxp33zkakrojohe6yufqhrfrh/lib]
    arg [-L/home/ge49nuk2/spack/opt/spack/linux-sles15-zen2/gcc-10.2.1/boost-1.76.0-hotyooiavzkc6kwweehdsc3jwyiepnig/lib] ==> dir [/home/ge49nuk2/spack/opt/spack/linux-sles15-zen2/gcc-10.2.1/boost-1.76.0-hotyooiavzkc6kwweehdsc3jwyiepnig/lib]
    arg [-L/home/ge49nuk2/spack/opt/spack/linux-sles15-zen2/gcc-10.2.1/argobots-1.1-jlfvqv6uxajfrabrdf5ymghaoe6jf56j/lib] ==> dir [/home/ge49nuk2/spack/opt/spack/linux-sles15-zen2/gcc-10.2.1/argobots-1.1-jlfvqv6uxajfrabrdf5ymghaoe6jf56j/lib]
    arg [-L/usr/lib64/gcc/x86_64-suse-linux/10/../../../../x86_64-suse-linux/lib] ==> dir [/usr/lib64/gcc/x86_64-suse-linux/10/../../../../x86_64-suse-linux/lib]
    arg [-L/usr/lib64/gcc/x86_64-suse-linux/10/../../..] ==> dir [/usr/lib64/gcc/x86_64-suse-linux/10/../../..]
    arg [CMakeFiles/cmTC_9817f.dir/CMakeCCompilerABI.c.o] ==> ignore
    arg [-rpath] ==> ignore
    arg [/home/ge49nuk2/spack/opt/spack/linux-sles15-zen2/gcc-10.2.1/mpich-3.3.2-wgukgvfenyfgh75zdxi6lvgzsan7ozv2/lib] ==> ignore
    arg [-lmpi] ==> lib [mpi]
    arg [-lgcc] ==> lib [gcc]
    arg [--push-state] ==> ignore
    arg [--as-needed] ==> ignore
    arg [-lgcc_s] ==> lib [gcc_s]
    arg [--pop-state] ==> ignore
    arg [-lc] ==> lib [c]
    arg [-lgcc] ==> lib [gcc]
    arg [--push-state] ==> ignore
    arg [--as-needed] ==> ignore
    arg [-lgcc_s] ==> lib [gcc_s]
    arg [--pop-state] ==> ignore
    arg [/usr/lib64/gcc/x86_64-suse-linux/10/crtend.o] ==> obj [/usr/lib64/gcc/x86_64-suse-linux/10/crtend.o]
    arg [/usr/lib64/gcc/x86_64-suse-linux/10/../../../../lib64/crtn.o] ==> obj [/usr/lib64/gcc/x86_64-suse-linux/10/../../../../lib64/crtn.o]
  collapse obj [/usr/lib64/gcc/x86_64-suse-linux/10/../../../../lib64/crt1.o] ==> [/usr/lib64/crt1.o]
  collapse obj [/usr/lib64/gcc/x86_64-suse-linux/10/../../../../lib64/crti.o] ==> [/usr/lib64/crti.o]
  collapse obj [/usr/lib64/gcc/x86_64-suse-linux/10/../../../../lib64/crtn.o] ==> [/usr/lib64/crtn.o]
  collapse library dir [/home/ge49nuk2/spack/opt/spack/linux-sles15-zen2/gcc-10.2.1/hwloc-2.4.1-bu232a3groh66oalha3d44er3olqd6yh/lib] ==> [/home/ge49nuk2/spack/opt/spack/linux-sles15-zen2/gcc-10.2.1/hwloc-2.4.1-bu232a3groh66oalha3d44er3olqd6yh/lib]
  collapse library dir [/home/ge49nuk2/spack/opt/spack/linux-sles15-zen2/gcc-10.2.1/mpich-3.3.2-wgukgvfenyfgh75zdxi6lvgzsan7ozv2/lib] ==> [/home/ge49nuk2/spack/opt/spack/linux-sles15-zen2/gcc-10.2.1/mpich-3.3.2-wgukgvfenyfgh75zdxi6lvgzsan7ozv2/lib]
  collapse library dir [/home/ge49nuk2/localLibs/hclInstall/lib64/../lib64] ==> [/home/ge49nuk2/localLibs/hclInstall/lib64]
  collapse library dir [/usr/lib64/gcc/x86_64-suse-linux/10] ==> [/usr/lib64/gcc/x86_64-suse-linux/10]
  collapse library dir [/usr/lib64/gcc/x86_64-suse-linux/10/../../../../lib64] ==> [/usr/lib64]
  collapse library dir [/lib/../lib64] ==> [/lib64]
  collapse library dir [/usr/lib/../lib64] ==> [/usr/lib64]
  collapse library dir [/home/ge49nuk2/localLibs/hclInstall/lib64] ==> [/home/ge49nuk2/localLibs/hclInstall/lib64]
  collapse library dir [/home/ge49nuk2/spack/opt/spack/linux-sles15-zen2/gcc-10.2.1/mercury-2.0.1-oqevoctlxhdr5gkttnkl5phzyda7xanw/lib] ==> [/home/ge49nuk2/spack/opt/spack/linux-sles15-zen2/gcc-10.2.1/mercury-2.0.1-oqevoctlxhdr5gkttnkl5phzyda7xanw/lib]
  collapse library dir [/home/ge49nuk2/spack/opt/spack/linux-sles15-zen2/gcc-10.2.1/mochi-thallium-0.7-6n6vjtbar3mp7gmemwe5dgdcednozcey/lib] ==> [/home/ge49nuk2/spack/opt/spack/linux-sles15-zen2/gcc-10.2.1/mochi-thallium-0.7-6n6vjtbar3mp7gmemwe5dgdcednozcey/lib]
  collapse library dir [/home/ge49nuk2/spack/opt/spack/linux-sles15-zen2/gcc-10.2.1/mochi-margo-0.9.4-fdas5sij4gdidk4huzam4gvz5zjiabmv/lib] ==> [/home/ge49nuk2/spack/opt/spack/linux-sles15-zen2/gcc-10.2.1/mochi-margo-0.9.4-fdas5sij4gdidk4huzam4gvz5zjiabmv/lib]
  collapse library dir [/home/ge49nuk2/spack/opt/spack/linux-sles15-zen2/gcc-10.2.1/mochi-abt-io-0.5.1-uww34fumfusprenr2hgkumknfmkvwmf6/lib] ==> [/home/ge49nuk2/spack/opt/spack/linux-sles15-zen2/gcc-10.2.1/mochi-abt-io-0.5.1-uww34fumfusprenr2hgkumknfmkvwmf6/lib]
  collapse library dir [/home/ge49nuk2/spack/opt/spack/linux-sles15-zen2/gcc-10.2.1/libfabric-1.11.1-ntngfsnyxp33zkakrojohe6yufqhrfrh/lib] ==> [/home/ge49nuk2/spack/opt/spack/linux-sles15-zen2/gcc-10.2.1/libfabric-1.11.1-ntngfsnyxp33zkakrojohe6yufqhrfrh/lib]
  collapse library dir [/home/ge49nuk2/spack/opt/spack/linux-sles15-zen2/gcc-10.2.1/boost-1.76.0-hotyooiavzkc6kwweehdsc3jwyiepnig/lib] ==> [/home/ge49nuk2/spack/opt/spack/linux-sles15-zen2/gcc-10.2.1/boost-1.76.0-hotyooiavzkc6kwweehdsc3jwyiepnig/lib]
  collapse library dir [/home/ge49nuk2/spack/opt/spack/linux-sles15-zen2/gcc-10.2.1/argobots-1.1-jlfvqv6uxajfrabrdf5ymghaoe6jf56j/lib] ==> [/home/ge49nuk2/spack/opt/spack/linux-sles15-zen2/gcc-10.2.1/argobots-1.1-jlfvqv6uxajfrabrdf5ymghaoe6jf56j/lib]
  collapse library dir [/usr/lib64/gcc/x86_64-suse-linux/10/../../../../x86_64-suse-linux/lib] ==> [/usr/x86_64-suse-linux/lib]
  collapse library dir [/usr/lib64/gcc/x86_64-suse-linux/10/../../..] ==> [/usr/lib64]
  implicit libs: [mpi;gcc;gcc_s;c;gcc;gcc_s]
  implicit objs: [/usr/lib64/crt1.o;/usr/lib64/crti.o;/usr/lib64/gcc/x86_64-suse-linux/10/crtbegin.o;/usr/lib64/gcc/x86_64-suse-linux/10/crtend.o;/usr/lib64/crtn.o]
  implicit dirs: [/home/ge49nuk2/spack/opt/spack/linux-sles15-zen2/gcc-10.2.1/hwloc-2.4.1-bu232a3groh66oalha3d44er3olqd6yh/lib;/home/ge49nuk2/spack/opt/spack/linux-sles15-zen2/gcc-10.2.1/mpich-3.3.2-wgukgvfenyfgh75zdxi6lvgzsan7ozv2/lib;/home/ge49nuk2/localLibs/hclInstall/lib64;/usr/lib64/gcc/x86_64-suse-linux/10;/usr/lib64;/lib64;/home/ge49nuk2/spack/opt/spack/linux-sles15-zen2/gcc-10.2.1/mercury-2.0.1-oqevoctlxhdr5gkttnkl5phzyda7xanw/lib;/home/ge49nuk2/spack/opt/spack/linux-sles15-zen2/gcc-10.2.1/mochi-thallium-0.7-6n6vjtbar3mp7gmemwe5dgdcednozcey/lib;/home/ge49nuk2/spack/opt/spack/linux-sles15-zen2/gcc-10.2.1/mochi-margo-0.9.4-fdas5sij4gdidk4huzam4gvz5zjiabmv/lib;/home/ge49nuk2/spack/opt/spack/linux-sles15-zen2/gcc-10.2.1/mochi-abt-io-0.5.1-uww34fumfusprenr2hgkumknfmkvwmf6/lib;/home/ge49nuk2/spack/opt/spack/linux-sles15-zen2/gcc-10.2.1/libfabric-1.11.1-ntngfsnyxp33zkakrojohe6yufqhrfrh/lib;/home/ge49nuk2/spack/opt/spack/linux-sles15-zen2/gcc-10.2.1/boost-1.76.0-hotyooiavzkc6kwweehdsc3jwyiepnig/lib;/home/ge49nuk2/spack/opt/spack/linux-sles15-zen2/gcc-10.2.1/argobots-1.1-jlfvqv6uxajfrabrdf5ymghaoe6jf56j/lib;/usr/x86_64-suse-linux/lib]
  implicit fwks: []


Detecting CXX compiler ABI info compiled with the following output:
Change Dir: /home/ge49nuk2/applications/hpc-stuff-playground/dist-stuff/hcl_examples/mxm_task_stealing_queue/build_on_beast_tcp/CMakeFiles/CMakeTmp

Run Build Command(s):/usr/bin/gmake -f Makefile cmTC_b4b82/fast && /usr/bin/gmake  -f CMakeFiles/cmTC_b4b82.dir/build.make CMakeFiles/cmTC_b4b82.dir/build
gmake[1]: Entering directory '/home/ge49nuk2/applications/hpc-stuff-playground/dist-stuff/hcl_examples/mxm_task_stealing_queue/build_on_beast_tcp/CMakeFiles/CMakeTmp'
Building CXX object CMakeFiles/cmTC_b4b82.dir/CMakeCXXCompilerABI.cpp.o
/home/ge49nuk2/spack/opt/spack/linux-sles15-zen2/gcc-10.2.1/mpich-3.3.2-wgukgvfenyfgh75zdxi6lvgzsan7ozv2/bin/mpicxx   -v -o CMakeFiles/cmTC_b4b82.dir/CMakeCXXCompilerABI.cpp.o -c /home/ge49nuk2/spack/opt/spack/linux-sles15-zen2/gcc-10.2.1/cmake-3.20.3-crj7py7zplvpqll4geshojob3n3e74fq/share/cmake-3.20/Modules/CMakeCXXCompilerABI.cpp
mpicxx for MPICH version 3.3.2
Using built-in specs.
COLLECT_GCC=/usr/bin/g++-10
OFFLOAD_TARGET_NAMES=nvptx-none
OFFLOAD_TARGET_DEFAULT=1
Target: x86_64-suse-linux
Configured with: ../configure --prefix=/usr --infodir=/usr/share/info --mandir=/usr/share/man --libdir=/usr/lib64 --libexecdir=/usr/lib64 --enable-languages=c,c++,objc,fortran,obj-c++,ada,go,d --enable-offload-targets=nvptx-none=/usr/nvptx-none, --without-cuda-driver --enable-checking=release --disable-werror --with-gxx-include-dir=/usr/include/c++/10 --enable-ssp --disable-libssp --disable-libvtv --enable-cet=auto --disable-libcc1 --disable-plugin --with-bugurl=https://bugs.opensuse.org/ --with-pkgversion='SUSE Linux' --with-slibdir=/lib64 --with-system-zlib --enable-libstdcxx-allocator=new --disable-libstdcxx-pch --enable-libphobos --enable-version-specific-runtime-libs --with-gcc-major-version-only --enable-linker-build-id --enable-linux-futex --enable-gnu-indirect-function --program-suffix=-10 --without-system-libunwind --enable-multilib --with-arch-32=x86-64 --with-tune=generic --build=x86_64-suse-linux --host=x86_64-suse-linux
Thread model: posix
Supported LTO compression algorithms: zlib
gcc version 10.2.1 20200825 [revision c0746a1beb1ba073c7981eb09f55b3d993b32e5c] (SUSE Linux) 
COLLECT_GCC_OPTIONS='-v' '-o' 'CMakeFiles/cmTC_b4b82.dir/CMakeCXXCompilerABI.cpp.o' '-c' '-I' '/home/ge49nuk2/spack/opt/spack/linux-sles15-zen2/gcc-10.2.1/mpich-3.3.2-wgukgvfenyfgh75zdxi6lvgzsan7ozv2/include' '-shared-libgcc' '-mtune=generic' '-march=x86-64'
 /usr/lib64/gcc/x86_64-suse-linux/10/cc1plus -quiet -v -I /home/ge49nuk2/spack/opt/spack/linux-sles15-zen2/gcc-10.2.1/mpich-3.3.2-wgukgvfenyfgh75zdxi6lvgzsan7ozv2/include -D_GNU_SOURCE /home/ge49nuk2/spack/opt/spack/linux-sles15-zen2/gcc-10.2.1/cmake-3.20.3-crj7py7zplvpqll4geshojob3n3e74fq/share/cmake-3.20/Modules/CMakeCXXCompilerABI.cpp -quiet -dumpbase CMakeCXXCompilerABI.cpp -mtune=generic -march=x86-64 -auxbase-strip CMakeFiles/cmTC_b4b82.dir/CMakeCXXCompilerABI.cpp.o -version -o /tmp/cch53gtf.s
GNU C++14 (SUSE Linux) version 10.2.1 20200825 [revision c0746a1beb1ba073c7981eb09f55b3d993b32e5c] (x86_64-suse-linux)
	compiled by GNU C version 10.2.1 20200825 [revision c0746a1beb1ba073c7981eb09f55b3d993b32e5c], GMP version 6.1.2, MPFR version 4.0.1, MPC version 1.1.0, isl version isl-0.18-GMP

GGC heuristics: --param ggc-min-expand=100 --param ggc-min-heapsize=131072
ignoring nonexistent directory "/home/ge49nuk2/spack/opt/spack/linux-sles15-zen2/gcc-10.2.1/cmake-3.20.3-crj7py7zplvpqll4geshojob3n3e74fq/include"
#include "..." search starts here:
#include <...> search starts here:
 /home/ge49nuk2/spack/opt/spack/linux-sles15-zen2/gcc-10.2.1/mpich-3.3.2-wgukgvfenyfgh75zdxi6lvgzsan7ozv2/include
 /home/ge49nuk2/localLibs/hclInstall/include
 /home/ge49nuk2/spack/opt/spack/linux-sles15-zen2/gcc-10.2.1/mercury-2.0.1-oqevoctlxhdr5gkttnkl5phzyda7xanw/include
 /home/ge49nuk2/spack/opt/spack/linux-sles15-zen2/gcc-10.2.1/mochi-thallium-0.7-6n6vjtbar3mp7gmemwe5dgdcednozcey/include
 /home/ge49nuk2/spack/opt/spack/linux-sles15-zen2/gcc-10.2.1/mochi-margo-0.9.4-fdas5sij4gdidk4huzam4gvz5zjiabmv/include
 /home/ge49nuk2/spack/opt/spack/linux-sles15-zen2/gcc-10.2.1/mochi-abt-io-0.5.1-uww34fumfusprenr2hgkumknfmkvwmf6/include
 /home/ge49nuk2/spack/opt/spack/linux-sles15-zen2/gcc-10.2.1/libfabric-1.11.1-ntngfsnyxp33zkakrojohe6yufqhrfrh/include
 /home/ge49nuk2/spack/opt/spack/linux-sles15-zen2/gcc-10.2.1/cereal-1.3.0-vd6dtp3ytdngo7ivuogbzlmq54zsm2kk/include
 /home/ge49nuk2/spack/opt/spack/linux-sles15-zen2/gcc-10.2.1/boost-1.76.0-hotyooiavzkc6kwweehdsc3jwyiepnig/include
 /home/ge49nuk2/spack/opt/spack/linux-sles15-zen2/gcc-10.2.1/argobots-1.1-jlfvqv6uxajfrabrdf5ymghaoe6jf56j/include
 /usr/include/c++/10
 /usr/include/c++/10/x86_64-suse-linux
 /usr/include/c++/10/backward
 /usr/lib64/gcc/x86_64-suse-linux/10/include
 /usr/local/include
 /usr/lib64/gcc/x86_64-suse-linux/10/include-fixed
 /usr/lib64/gcc/x86_64-suse-linux/10/../../../../x86_64-suse-linux/include
 /usr/include
End of search list.
GNU C++14 (SUSE Linux) version 10.2.1 20200825 [revision c0746a1beb1ba073c7981eb09f55b3d993b32e5c] (x86_64-suse-linux)
	compiled by GNU C version 10.2.1 20200825 [revision c0746a1beb1ba073c7981eb09f55b3d993b32e5c], GMP version 6.1.2, MPFR version 4.0.1, MPC version 1.1.0, isl version isl-0.18-GMP

GGC heuristics: --param ggc-min-expand=100 --param ggc-min-heapsize=131072
Compiler executable checksum: 00000000000000000000000000000000
COLLECT_GCC_OPTIONS='-v' '-o' 'CMakeFiles/cmTC_b4b82.dir/CMakeCXXCompilerABI.cpp.o' '-c' '-I' '/home/ge49nuk2/spack/opt/spack/linux-sles15-zen2/gcc-10.2.1/mpich-3.3.2-wgukgvfenyfgh75zdxi6lvgzsan7ozv2/include' '-shared-libgcc' '-mtune=generic' '-march=x86-64'
 /usr/lib64/gcc/x86_64-suse-linux/10/../../../../x86_64-suse-linux/bin/as -v -I /home/ge49nuk2/spack/opt/spack/linux-sles15-zen2/gcc-10.2.1/mpich-3.3.2-wgukgvfenyfgh75zdxi6lvgzsan7ozv2/include --64 -o CMakeFiles/cmTC_b4b82.dir/CMakeCXXCompilerABI.cpp.o /tmp/cch53gtf.s
GNU assembler version 2.32.0 (x86_64-suse-linux) using BFD version (GNU Binutils; SUSE Linux Enterprise 15) 2.32.0.20190909-7.8
COMPILER_PATH=/usr/lib64/gcc/x86_64-suse-linux/10/:/usr/lib64/gcc/x86_64-suse-linux/10/:/usr/lib64/gcc/x86_64-suse-linux/:/usr/lib64/gcc/x86_64-suse-linux/10/:/usr/lib64/gcc/x86_64-suse-linux/:/usr/lib64/gcc/x86_64-suse-linux/10/../../../../x86_64-suse-linux/bin/
LIBRARY_PATH=/home/ge49nuk2/localLibs/hclInstall/lib64/../lib64/:/usr/lib64/gcc/x86_64-suse-linux/10/:/usr/lib64/gcc/x86_64-suse-linux/10/../../../../lib64/:/lib/../lib64/:/usr/lib/../lib64/:/home/ge49nuk2/localLibs/hclInstall/lib64/:/home/ge49nuk2/spack/opt/spack/linux-sles15-zen2/gcc-10.2.1/mercury-2.0.1-oqevoctlxhdr5gkttnkl5phzyda7xanw/lib/:/home/ge49nuk2/spack/opt/spack/linux-sles15-zen2/gcc-10.2.1/mochi-thallium-0.7-6n6vjtbar3mp7gmemwe5dgdcednozcey/lib/:/home/ge49nuk2/spack/opt/spack/linux-sles15-zen2/gcc-10.2.1/mochi-margo-0.9.4-fdas5sij4gdidk4huzam4gvz5zjiabmv/lib/:/home/ge49nuk2/spack/opt/spack/linux-sles15-zen2/gcc-10.2.1/mochi-abt-io-0.5.1-uww34fumfusprenr2hgkumknfmkvwmf6/lib/:/home/ge49nuk2/spack/opt/spack/linux-sles15-zen2/gcc-10.2.1/libfabric-1.11.1-ntngfsnyxp33zkakrojohe6yufqhrfrh/lib/:/home/ge49nuk2/spack/opt/spack/linux-sles15-zen2/gcc-10.2.1/boost-1.76.0-hotyooiavzkc6kwweehdsc3jwyiepnig/lib/:/home/ge49nuk2/spack/opt/spack/linux-sles15-zen2/gcc-10.2.1/argobots-1.1-jlfvqv6uxajfrabrdf5ymghaoe6jf56j/lib/:/usr/lib64/gcc/x86_64-suse-linux/10/../../../../x86_64-suse-linux/lib/:/usr/lib64/gcc/x86_64-suse-linux/10/../../../:/lib/:/usr/lib/
COLLECT_GCC_OPTIONS='-v' '-o' 'CMakeFiles/cmTC_b4b82.dir/CMakeCXXCompilerABI.cpp.o' '-c' '-I' '/home/ge49nuk2/spack/opt/spack/linux-sles15-zen2/gcc-10.2.1/mpich-3.3.2-wgukgvfenyfgh75zdxi6lvgzsan7ozv2/include' '-shared-libgcc' '-mtune=generic' '-march=x86-64'
Linking CXX executable cmTC_b4b82
/home/ge49nuk2/spack/opt/spack/linux-sles15-zen2/gcc-10.2.1/cmake-3.20.3-crj7py7zplvpqll4geshojob3n3e74fq/bin/cmake -E cmake_link_script CMakeFiles/cmTC_b4b82.dir/link.txt --verbose=1
/home/ge49nuk2/spack/opt/spack/linux-sles15-zen2/gcc-10.2.1/mpich-3.3.2-wgukgvfenyfgh75zdxi6lvgzsan7ozv2/bin/mpicxx  -v CMakeFiles/cmTC_b4b82.dir/CMakeCXXCompilerABI.cpp.o -o cmTC_b4b82 
mpicxx for MPICH version 3.3.2
Using built-in specs.
COLLECT_GCC=/usr/bin/g++-10
COLLECT_LTO_WRAPPER=/usr/lib64/gcc/x86_64-suse-linux/10/lto-wrapper
OFFLOAD_TARGET_NAMES=nvptx-none
OFFLOAD_TARGET_DEFAULT=1
Target: x86_64-suse-linux
Configured with: ../configure --prefix=/usr --infodir=/usr/share/info --mandir=/usr/share/man --libdir=/usr/lib64 --libexecdir=/usr/lib64 --enable-languages=c,c++,objc,fortran,obj-c++,ada,go,d --enable-offload-targets=nvptx-none=/usr/nvptx-none, --without-cuda-driver --enable-checking=release --disable-werror --with-gxx-include-dir=/usr/include/c++/10 --enable-ssp --disable-libssp --disable-libvtv --enable-cet=auto --disable-libcc1 --disable-plugin --with-bugurl=https://bugs.opensuse.org/ --with-pkgversion='SUSE Linux' --with-slibdir=/lib64 --with-system-zlib --enable-libstdcxx-allocator=new --disable-libstdcxx-pch --enable-libphobos --enable-version-specific-runtime-libs --with-gcc-major-version-only --enable-linker-build-id --enable-linux-futex --enable-gnu-indirect-function --program-suffix=-10 --without-system-libunwind --enable-multilib --with-arch-32=x86-64 --with-tune=generic --build=x86_64-suse-linux --host=x86_64-suse-linux
Thread model: posix
Supported LTO compression algorithms: zlib
gcc version 10.2.1 20200825 [revision c0746a1beb1ba073c7981eb09f55b3d993b32e5c] (SUSE Linux) 
COMPILER_PATH=/usr/lib64/gcc/x86_64-suse-linux/10/:/usr/lib64/gcc/x86_64-suse-linux/10/:/usr/lib64/gcc/x86_64-suse-linux/:/usr/lib64/gcc/x86_64-suse-linux/10/:/usr/lib64/gcc/x86_64-suse-linux/:/usr/lib64/gcc/x86_64-suse-linux/10/../../../../x86_64-suse-linux/bin/
LIBRARY_PATH=/home/ge49nuk2/localLibs/hclInstall/lib64/../lib64/:/usr/lib64/gcc/x86_64-suse-linux/10/:/usr/lib64/gcc/x86_64-suse-linux/10/../../../../lib64/:/lib/../lib64/:/usr/lib/../lib64/:/home/ge49nuk2/localLibs/hclInstall/lib64/:/home/ge49nuk2/spack/opt/spack/linux-sles15-zen2/gcc-10.2.1/mercury-2.0.1-oqevoctlxhdr5gkttnkl5phzyda7xanw/lib/:/home/ge49nuk2/spack/opt/spack/linux-sles15-zen2/gcc-10.2.1/mochi-thallium-0.7-6n6vjtbar3mp7gmemwe5dgdcednozcey/lib/:/home/ge49nuk2/spack/opt/spack/linux-sles15-zen2/gcc-10.2.1/mochi-margo-0.9.4-fdas5sij4gdidk4huzam4gvz5zjiabmv/lib/:/home/ge49nuk2/spack/opt/spack/linux-sles15-zen2/gcc-10.2.1/mochi-abt-io-0.5.1-uww34fumfusprenr2hgkumknfmkvwmf6/lib/:/home/ge49nuk2/spack/opt/spack/linux-sles15-zen2/gcc-10.2.1/libfabric-1.11.1-ntngfsnyxp33zkakrojohe6yufqhrfrh/lib/:/home/ge49nuk2/spack/opt/spack/linux-sles15-zen2/gcc-10.2.1/boost-1.76.0-hotyooiavzkc6kwweehdsc3jwyiepnig/lib/:/home/ge49nuk2/spack/opt/spack/linux-sles15-zen2/gcc-10.2.1/argobots-1.1-jlfvqv6uxajfrabrdf5ymghaoe6jf56j/lib/:/usr/lib64/gcc/x86_64-suse-linux/10/../../../../x86_64-suse-linux/lib/:/usr/lib64/gcc/x86_64-suse-linux/10/../../../:/lib/:/usr/lib/
COLLECT_GCC_OPTIONS='-L/home/ge49nuk2/spack/opt/spack/linux-sles15-zen2/gcc-10.2.1/hwloc-2.4.1-bu232a3groh66oalha3d44er3olqd6yh/lib' '-v' '-o' 'cmTC_b4b82' '-I' '/home/ge49nuk2/spack/opt/spack/linux-sles15-zen2/gcc-10.2.1/mpich-3.3.2-wgukgvfenyfgh75zdxi6lvgzsan7ozv2/include' '-L/home/ge49nuk2/spack/opt/spack/linux-sles15-zen2/gcc-10.2.1/mpich-3.3.2-wgukgvfenyfgh75zdxi6lvgzsan7ozv2/lib' '-shared-libgcc' '-mtune=generic' '-march=x86-64'
 /usr/lib64/gcc/x86_64-suse-linux/10/collect2 -plugin /usr/lib64/gcc/x86_64-suse-linux/10/liblto_plugin.so -plugin-opt=/usr/lib64/gcc/x86_64-suse-linux/10/lto-wrapper -plugin-opt=-fresolution=/tmp/cczYq2ik.res -plugin-opt=-pass-through=-lgcc_s -plugin-opt=-pass-through=-lgcc -plugin-opt=-pass-through=-lc -plugin-opt=-pass-through=-lgcc_s -plugin-opt=-pass-through=-lgcc --build-id --eh-frame-hdr -m elf_x86_64 -dynamic-linker /lib64/ld-linux-x86-64.so.2 -o cmTC_b4b82 /usr/lib64/gcc/x86_64-suse-linux/10/../../../../lib64/crt1.o /usr/lib64/gcc/x86_64-suse-linux/10/../../../../lib64/crti.o /usr/lib64/gcc/x86_64-suse-linux/10/crtbegin.o -L/home/ge49nuk2/spack/opt/spack/linux-sles15-zen2/gcc-10.2.1/hwloc-2.4.1-bu232a3groh66oalha3d44er3olqd6yh/lib -L/home/ge49nuk2/spack/opt/spack/linux-sles15-zen2/gcc-10.2.1/mpich-3.3.2-wgukgvfenyfgh75zdxi6lvgzsan7ozv2/lib -L/home/ge49nuk2/localLibs/hclInstall/lib64/../lib64 -L/usr/lib64/gcc/x86_64-suse-linux/10 -L/usr/lib64/gcc/x86_64-suse-linux/10/../../../../lib64 -L/lib/../lib64 -L/usr/lib/../lib64 -L/home/ge49nuk2/localLibs/hclInstall/lib64 -L/home/ge49nuk2/spack/opt/spack/linux-sles15-zen2/gcc-10.2.1/mercury-2.0.1-oqevoctlxhdr5gkttnkl5phzyda7xanw/lib -L/home/ge49nuk2/spack/opt/spack/linux-sles15-zen2/gcc-10.2.1/mochi-thallium-0.7-6n6vjtbar3mp7gmemwe5dgdcednozcey/lib -L/home/ge49nuk2/spack/opt/spack/linux-sles15-zen2/gcc-10.2.1/mochi-margo-0.9.4-fdas5sij4gdidk4huzam4gvz5zjiabmv/lib -L/home/ge49nuk2/spack/opt/spack/linux-sles15-zen2/gcc-10.2.1/mochi-abt-io-0.5.1-uww34fumfusprenr2hgkumknfmkvwmf6/lib -L/home/ge49nuk2/spack/opt/spack/linux-sles15-zen2/gcc-10.2.1/libfabric-1.11.1-ntngfsnyxp33zkakrojohe6yufqhrfrh/lib -L/home/ge49nuk2/spack/opt/spack/linux-sles15-zen2/gcc-10.2.1/boost-1.76.0-hotyooiavzkc6kwweehdsc3jwyiepnig/lib -L/home/ge49nuk2/spack/opt/spack/linux-sles15-zen2/gcc-10.2.1/argobots-1.1-jlfvqv6uxajfrabrdf5ymghaoe6jf56j/lib -L/usr/lib64/gcc/x86_64-suse-linux/10/../../../../x86_64-suse-linux/lib -L/usr/lib64/gcc/x86_64-suse-linux/10/../../.. CMakeFiles/cmTC_b4b82.dir/CMakeCXXCompilerABI.cpp.o -lmpicxx -rpath /home/ge49nuk2/spack/opt/spack/linux-sles15-zen2/gcc-10.2.1/mpich-3.3.2-wgukgvfenyfgh75zdxi6lvgzsan7ozv2/lib -lmpi -lstdc++ -lm -lgcc_s -lgcc -lc -lgcc_s -lgcc /usr/lib64/gcc/x86_64-suse-linux/10/crtend.o /usr/lib64/gcc/x86_64-suse-linux/10/../../../../lib64/crtn.o
COLLECT_GCC_OPTIONS='-L/home/ge49nuk2/spack/opt/spack/linux-sles15-zen2/gcc-10.2.1/hwloc-2.4.1-bu232a3groh66oalha3d44er3olqd6yh/lib' '-v' '-o' 'cmTC_b4b82' '-I' '/home/ge49nuk2/spack/opt/spack/linux-sles15-zen2/gcc-10.2.1/mpich-3.3.2-wgukgvfenyfgh75zdxi6lvgzsan7ozv2/include' '-L/home/ge49nuk2/spack/opt/spack/linux-sles15-zen2/gcc-10.2.1/mpich-3.3.2-wgukgvfenyfgh75zdxi6lvgzsan7ozv2/lib' '-shared-libgcc' '-mtune=generic' '-march=x86-64'
gmake[1]: Leaving directory '/home/ge49nuk2/applications/hpc-stuff-playground/dist-stuff/hcl_examples/mxm_task_stealing_queue/build_on_beast_tcp/CMakeFiles/CMakeTmp'



Parsed CXX implicit include dir info from above output: rv=done
  found start of include info
  found start of implicit include info
    add: [/home/ge49nuk2/spack/opt/spack/linux-sles15-zen2/gcc-10.2.1/mpich-3.3.2-wgukgvfenyfgh75zdxi6lvgzsan7ozv2/include]
    add: [/home/ge49nuk2/localLibs/hclInstall/include]
    add: [/home/ge49nuk2/spack/opt/spack/linux-sles15-zen2/gcc-10.2.1/mercury-2.0.1-oqevoctlxhdr5gkttnkl5phzyda7xanw/include]
    add: [/home/ge49nuk2/spack/opt/spack/linux-sles15-zen2/gcc-10.2.1/mochi-thallium-0.7-6n6vjtbar3mp7gmemwe5dgdcednozcey/include]
    add: [/home/ge49nuk2/spack/opt/spack/linux-sles15-zen2/gcc-10.2.1/mochi-margo-0.9.4-fdas5sij4gdidk4huzam4gvz5zjiabmv/include]
    add: [/home/ge49nuk2/spack/opt/spack/linux-sles15-zen2/gcc-10.2.1/mochi-abt-io-0.5.1-uww34fumfusprenr2hgkumknfmkvwmf6/include]
    add: [/home/ge49nuk2/spack/opt/spack/linux-sles15-zen2/gcc-10.2.1/libfabric-1.11.1-ntngfsnyxp33zkakrojohe6yufqhrfrh/include]
    add: [/home/ge49nuk2/spack/opt/spack/linux-sles15-zen2/gcc-10.2.1/cereal-1.3.0-vd6dtp3ytdngo7ivuogbzlmq54zsm2kk/include]
    add: [/home/ge49nuk2/spack/opt/spack/linux-sles15-zen2/gcc-10.2.1/boost-1.76.0-hotyooiavzkc6kwweehdsc3jwyiepnig/include]
    add: [/home/ge49nuk2/spack/opt/spack/linux-sles15-zen2/gcc-10.2.1/argobots-1.1-jlfvqv6uxajfrabrdf5ymghaoe6jf56j/include]
    add: [/usr/include/c++/10]
    add: [/usr/include/c++/10/x86_64-suse-linux]
    add: [/usr/include/c++/10/backward]
    add: [/usr/lib64/gcc/x86_64-suse-linux/10/include]
    add: [/usr/local/include]
    add: [/usr/lib64/gcc/x86_64-suse-linux/10/include-fixed]
    add: [/usr/lib64/gcc/x86_64-suse-linux/10/../../../../x86_64-suse-linux/include]
    add: [/usr/include]
  end of search list found
  collapse include dir [/home/ge49nuk2/spack/opt/spack/linux-sles15-zen2/gcc-10.2.1/mpich-3.3.2-wgukgvfenyfgh75zdxi6lvgzsan7ozv2/include] ==> [/home/ge49nuk2/spack/opt/spack/linux-sles15-zen2/gcc-10.2.1/mpich-3.3.2-wgukgvfenyfgh75zdxi6lvgzsan7ozv2/include]
  collapse include dir [/home/ge49nuk2/localLibs/hclInstall/include] ==> [/home/ge49nuk2/localLibs/hclInstall/include]
  collapse include dir [/home/ge49nuk2/spack/opt/spack/linux-sles15-zen2/gcc-10.2.1/mercury-2.0.1-oqevoctlxhdr5gkttnkl5phzyda7xanw/include] ==> [/home/ge49nuk2/spack/opt/spack/linux-sles15-zen2/gcc-10.2.1/mercury-2.0.1-oqevoctlxhdr5gkttnkl5phzyda7xanw/include]
  collapse include dir [/home/ge49nuk2/spack/opt/spack/linux-sles15-zen2/gcc-10.2.1/mochi-thallium-0.7-6n6vjtbar3mp7gmemwe5dgdcednozcey/include] ==> [/home/ge49nuk2/spack/opt/spack/linux-sles15-zen2/gcc-10.2.1/mochi-thallium-0.7-6n6vjtbar3mp7gmemwe5dgdcednozcey/include]
  collapse include dir [/home/ge49nuk2/spack/opt/spack/linux-sles15-zen2/gcc-10.2.1/mochi-margo-0.9.4-fdas5sij4gdidk4huzam4gvz5zjiabmv/include] ==> [/home/ge49nuk2/spack/opt/spack/linux-sles15-zen2/gcc-10.2.1/mochi-margo-0.9.4-fdas5sij4gdidk4huzam4gvz5zjiabmv/include]
  collapse include dir [/home/ge49nuk2/spack/opt/spack/linux-sles15-zen2/gcc-10.2.1/mochi-abt-io-0.5.1-uww34fumfusprenr2hgkumknfmkvwmf6/include] ==> [/home/ge49nuk2/spack/opt/spack/linux-sles15-zen2/gcc-10.2.1/mochi-abt-io-0.5.1-uww34fumfusprenr2hgkumknfmkvwmf6/include]
  collapse include dir [/home/ge49nuk2/spack/opt/spack/linux-sles15-zen2/gcc-10.2.1/libfabric-1.11.1-ntngfsnyxp33zkakrojohe6yufqhrfrh/include] ==> [/home/ge49nuk2/spack/opt/spack/linux-sles15-zen2/gcc-10.2.1/libfabric-1.11.1-ntngfsnyxp33zkakrojohe6yufqhrfrh/include]
  collapse include dir [/home/ge49nuk2/spack/opt/spack/linux-sles15-zen2/gcc-10.2.1/cereal-1.3.0-vd6dtp3ytdngo7ivuogbzlmq54zsm2kk/include] ==> [/home/ge49nuk2/spack/opt/spack/linux-sles15-zen2/gcc-10.2.1/cereal-1.3.0-vd6dtp3ytdngo7ivuogbzlmq54zsm2kk/include]
  collapse include dir [/home/ge49nuk2/spack/opt/spack/linux-sles15-zen2/gcc-10.2.1/boost-1.76.0-hotyooiavzkc6kwweehdsc3jwyiepnig/include] ==> [/home/ge49nuk2/spack/opt/spack/linux-sles15-zen2/gcc-10.2.1/boost-1.76.0-hotyooiavzkc6kwweehdsc3jwyiepnig/include]
  collapse include dir [/home/ge49nuk2/spack/opt/spack/linux-sles15-zen2/gcc-10.2.1/argobots-1.1-jlfvqv6uxajfrabrdf5ymghaoe6jf56j/include] ==> [/home/ge49nuk2/spack/opt/spack/linux-sles15-zen2/gcc-10.2.1/argobots-1.1-jlfvqv6uxajfrabrdf5ymghaoe6jf56j/include]
  collapse include dir [/usr/include/c++/10] ==> [/usr/include/c++/10]
  collapse include dir [/usr/include/c++/10/x86_64-suse-linux] ==> [/usr/include/c++/10/x86_64-suse-linux]
  collapse include dir [/usr/include/c++/10/backward] ==> [/usr/include/c++/10/backward]
  collapse include dir [/usr/lib64/gcc/x86_64-suse-linux/10/include] ==> [/usr/lib64/gcc/x86_64-suse-linux/10/include]
  collapse include dir [/usr/local/include] ==> [/usr/local/include]
  collapse include dir [/usr/lib64/gcc/x86_64-suse-linux/10/include-fixed] ==> [/usr/lib64/gcc/x86_64-suse-linux/10/include-fixed]
  collapse include dir [/usr/lib64/gcc/x86_64-suse-linux/10/../../../../x86_64-suse-linux/include] ==> [/usr/x86_64-suse-linux/include]
  collapse include dir [/usr/include] ==> [/usr/include]
  implicit include dirs: [/home/ge49nuk2/spack/opt/spack/linux-sles15-zen2/gcc-10.2.1/mpich-3.3.2-wgukgvfenyfgh75zdxi6lvgzsan7ozv2/include;/home/ge49nuk2/localLibs/hclInstall/include;/home/ge49nuk2/spack/opt/spack/linux-sles15-zen2/gcc-10.2.1/mercury-2.0.1-oqevoctlxhdr5gkttnkl5phzyda7xanw/include;/home/ge49nuk2/spack/opt/spack/linux-sles15-zen2/gcc-10.2.1/mochi-thallium-0.7-6n6vjtbar3mp7gmemwe5dgdcednozcey/include;/home/ge49nuk2/spack/opt/spack/linux-sles15-zen2/gcc-10.2.1/mochi-margo-0.9.4-fdas5sij4gdidk4huzam4gvz5zjiabmv/include;/home/ge49nuk2/spack/opt/spack/linux-sles15-zen2/gcc-10.2.1/mochi-abt-io-0.5.1-uww34fumfusprenr2hgkumknfmkvwmf6/include;/home/ge49nuk2/spack/opt/spack/linux-sles15-zen2/gcc-10.2.1/libfabric-1.11.1-ntngfsnyxp33zkakrojohe6yufqhrfrh/include;/home/ge49nuk2/spack/opt/spack/linux-sles15-zen2/gcc-10.2.1/cereal-1.3.0-vd6dtp3ytdngo7ivuogbzlmq54zsm2kk/include;/home/ge49nuk2/spack/opt/spack/linux-sles15-zen2/gcc-10.2.1/boost-1.76.0-hotyooiavzkc6kwweehdsc3jwyiepnig/include;/home/ge49nuk2/spack/opt/spack/linux-sles15-zen2/gcc-10.2.1/argobots-1.1-jlfvqv6uxajfrabrdf5ymghaoe6jf56j/include;/usr/include/c++/10;/usr/include/c++/10/x86_64-suse-linux;/usr/include/c++/10/backward;/usr/lib64/gcc/x86_64-suse-linux/10/include;/usr/local/include;/usr/lib64/gcc/x86_64-suse-linux/10/include-fixed;/usr/x86_64-suse-linux/include;/usr/include]


Parsed CXX implicit link information from above output:
  link line regex: [^( *|.*[/\])(ld|CMAKE_LINK_STARTFILE-NOTFOUND|([^/\]+-)?ld|collect2)[^/\]*( |$)]
  ignore line: [Change Dir: /home/ge49nuk2/applications/hpc-stuff-playground/dist-stuff/hcl_examples/mxm_task_stealing_queue/build_on_beast_tcp/CMakeFiles/CMakeTmp]
  ignore line: []
  ignore line: [Run Build Command(s):/usr/bin/gmake -f Makefile cmTC_b4b82/fast && /usr/bin/gmake  -f CMakeFiles/cmTC_b4b82.dir/build.make CMakeFiles/cmTC_b4b82.dir/build]
  ignore line: [gmake[1]: Entering directory '/home/ge49nuk2/applications/hpc-stuff-playground/dist-stuff/hcl_examples/mxm_task_stealing_queue/build_on_beast_tcp/CMakeFiles/CMakeTmp']
  ignore line: [Building CXX object CMakeFiles/cmTC_b4b82.dir/CMakeCXXCompilerABI.cpp.o]
  ignore line: [/home/ge49nuk2/spack/opt/spack/linux-sles15-zen2/gcc-10.2.1/mpich-3.3.2-wgukgvfenyfgh75zdxi6lvgzsan7ozv2/bin/mpicxx   -v -o CMakeFiles/cmTC_b4b82.dir/CMakeCXXCompilerABI.cpp.o -c /home/ge49nuk2/spack/opt/spack/linux-sles15-zen2/gcc-10.2.1/cmake-3.20.3-crj7py7zplvpqll4geshojob3n3e74fq/share/cmake-3.20/Modules/CMakeCXXCompilerABI.cpp]
  ignore line: [mpicxx for MPICH version 3.3.2]
  ignore line: [Using built-in specs.]
  ignore line: [COLLECT_GCC=/usr/bin/g++-10]
  ignore line: [OFFLOAD_TARGET_NAMES=nvptx-none]
  ignore line: [OFFLOAD_TARGET_DEFAULT=1]
  ignore line: [Target: x86_64-suse-linux]
  ignore line: [Configured with: ../configure --prefix=/usr --infodir=/usr/share/info --mandir=/usr/share/man --libdir=/usr/lib64 --libexecdir=/usr/lib64 --enable-languages=c c++ objc fortran obj-c++ ada go d --enable-offload-targets=nvptx-none=/usr/nvptx-none  --without-cuda-driver --enable-checking=release --disable-werror --with-gxx-include-dir=/usr/include/c++/10 --enable-ssp --disable-libssp --disable-libvtv --enable-cet=auto --disable-libcc1 --disable-plugin --with-bugurl=https://bugs.opensuse.org/ --with-pkgversion='SUSE Linux' --with-slibdir=/lib64 --with-system-zlib --enable-libstdcxx-allocator=new --disable-libstdcxx-pch --enable-libphobos --enable-version-specific-runtime-libs --with-gcc-major-version-only --enable-linker-build-id --enable-linux-futex --enable-gnu-indirect-function --program-suffix=-10 --without-system-libunwind --enable-multilib --with-arch-32=x86-64 --with-tune=generic --build=x86_64-suse-linux --host=x86_64-suse-linux]
  ignore line: [Thread model: posix]
  ignore line: [Supported LTO compression algorithms: zlib]
  ignore line: [gcc version 10.2.1 20200825 [revision c0746a1beb1ba073c7981eb09f55b3d993b32e5c] (SUSE Linux) ]
  ignore line: [COLLECT_GCC_OPTIONS='-v' '-o' 'CMakeFiles/cmTC_b4b82.dir/CMakeCXXCompilerABI.cpp.o' '-c' '-I' '/home/ge49nuk2/spack/opt/spack/linux-sles15-zen2/gcc-10.2.1/mpich-3.3.2-wgukgvfenyfgh75zdxi6lvgzsan7ozv2/include' '-shared-libgcc' '-mtune=generic' '-march=x86-64']
  ignore line: [ /usr/lib64/gcc/x86_64-suse-linux/10/cc1plus -quiet -v -I /home/ge49nuk2/spack/opt/spack/linux-sles15-zen2/gcc-10.2.1/mpich-3.3.2-wgukgvfenyfgh75zdxi6lvgzsan7ozv2/include -D_GNU_SOURCE /home/ge49nuk2/spack/opt/spack/linux-sles15-zen2/gcc-10.2.1/cmake-3.20.3-crj7py7zplvpqll4geshojob3n3e74fq/share/cmake-3.20/Modules/CMakeCXXCompilerABI.cpp -quiet -dumpbase CMakeCXXCompilerABI.cpp -mtune=generic -march=x86-64 -auxbase-strip CMakeFiles/cmTC_b4b82.dir/CMakeCXXCompilerABI.cpp.o -version -o /tmp/cch53gtf.s]
  ignore line: [GNU C++14 (SUSE Linux) version 10.2.1 20200825 [revision c0746a1beb1ba073c7981eb09f55b3d993b32e5c] (x86_64-suse-linux)]
  ignore line: [	compiled by GNU C version 10.2.1 20200825 [revision c0746a1beb1ba073c7981eb09f55b3d993b32e5c]  GMP version 6.1.2  MPFR version 4.0.1  MPC version 1.1.0  isl version isl-0.18-GMP]
  ignore line: []
  ignore line: [GGC heuristics: --param ggc-min-expand=100 --param ggc-min-heapsize=131072]
  ignore line: [ignoring nonexistent directory "/home/ge49nuk2/spack/opt/spack/linux-sles15-zen2/gcc-10.2.1/cmake-3.20.3-crj7py7zplvpqll4geshojob3n3e74fq/include"]
  ignore line: [#include "..." search starts here:]
  ignore line: [#include <...> search starts here:]
  ignore line: [ /home/ge49nuk2/spack/opt/spack/linux-sles15-zen2/gcc-10.2.1/mpich-3.3.2-wgukgvfenyfgh75zdxi6lvgzsan7ozv2/include]
  ignore line: [ /home/ge49nuk2/localLibs/hclInstall/include]
  ignore line: [ /home/ge49nuk2/spack/opt/spack/linux-sles15-zen2/gcc-10.2.1/mercury-2.0.1-oqevoctlxhdr5gkttnkl5phzyda7xanw/include]
  ignore line: [ /home/ge49nuk2/spack/opt/spack/linux-sles15-zen2/gcc-10.2.1/mochi-thallium-0.7-6n6vjtbar3mp7gmemwe5dgdcednozcey/include]
  ignore line: [ /home/ge49nuk2/spack/opt/spack/linux-sles15-zen2/gcc-10.2.1/mochi-margo-0.9.4-fdas5sij4gdidk4huzam4gvz5zjiabmv/include]
  ignore line: [ /home/ge49nuk2/spack/opt/spack/linux-sles15-zen2/gcc-10.2.1/mochi-abt-io-0.5.1-uww34fumfusprenr2hgkumknfmkvwmf6/include]
  ignore line: [ /home/ge49nuk2/spack/opt/spack/linux-sles15-zen2/gcc-10.2.1/libfabric-1.11.1-ntngfsnyxp33zkakrojohe6yufqhrfrh/include]
  ignore line: [ /home/ge49nuk2/spack/opt/spack/linux-sles15-zen2/gcc-10.2.1/cereal-1.3.0-vd6dtp3ytdngo7ivuogbzlmq54zsm2kk/include]
  ignore line: [ /home/ge49nuk2/spack/opt/spack/linux-sles15-zen2/gcc-10.2.1/boost-1.76.0-hotyooiavzkc6kwweehdsc3jwyiepnig/include]
  ignore line: [ /home/ge49nuk2/spack/opt/spack/linux-sles15-zen2/gcc-10.2.1/argobots-1.1-jlfvqv6uxajfrabrdf5ymghaoe6jf56j/include]
  ignore line: [ /usr/include/c++/10]
  ignore line: [ /usr/include/c++/10/x86_64-suse-linux]
  ignore line: [ /usr/include/c++/10/backward]
  ignore line: [ /usr/lib64/gcc/x86_64-suse-linux/10/include]
  ignore line: [ /usr/local/include]
  ignore line: [ /usr/lib64/gcc/x86_64-suse-linux/10/include-fixed]
  ignore line: [ /usr/lib64/gcc/x86_64-suse-linux/10/../../../../x86_64-suse-linux/include]
  ignore line: [ /usr/include]
  ignore line: [End of search list.]
  ignore line: [GNU C++14 (SUSE Linux) version 10.2.1 20200825 [revision c0746a1beb1ba073c7981eb09f55b3d993b32e5c] (x86_64-suse-linux)]
  ignore line: [	compiled by GNU C version 10.2.1 20200825 [revision c0746a1beb1ba073c7981eb09f55b3d993b32e5c]  GMP version 6.1.2  MPFR version 4.0.1  MPC version 1.1.0  isl version isl-0.18-GMP]
  ignore line: []
  ignore line: [GGC heuristics: --param ggc-min-expand=100 --param ggc-min-heapsize=131072]
  ignore line: [Compiler executable checksum: 00000000000000000000000000000000]
  ignore line: [COLLECT_GCC_OPTIONS='-v' '-o' 'CMakeFiles/cmTC_b4b82.dir/CMakeCXXCompilerABI.cpp.o' '-c' '-I' '/home/ge49nuk2/spack/opt/spack/linux-sles15-zen2/gcc-10.2.1/mpich-3.3.2-wgukgvfenyfgh75zdxi6lvgzsan7ozv2/include' '-shared-libgcc' '-mtune=generic' '-march=x86-64']
  ignore line: [ /usr/lib64/gcc/x86_64-suse-linux/10/../../../../x86_64-suse-linux/bin/as -v -I /home/ge49nuk2/spack/opt/spack/linux-sles15-zen2/gcc-10.2.1/mpich-3.3.2-wgukgvfenyfgh75zdxi6lvgzsan7ozv2/include --64 -o CMakeFiles/cmTC_b4b82.dir/CMakeCXXCompilerABI.cpp.o /tmp/cch53gtf.s]
  ignore line: [GNU assembler version 2.32.0 (x86_64-suse-linux) using BFD version (GNU Binutils]
  ignore line: [ SUSE Linux Enterprise 15) 2.32.0.20190909-7.8]
  ignore line: [COMPILER_PATH=/usr/lib64/gcc/x86_64-suse-linux/10/:/usr/lib64/gcc/x86_64-suse-linux/10/:/usr/lib64/gcc/x86_64-suse-linux/:/usr/lib64/gcc/x86_64-suse-linux/10/:/usr/lib64/gcc/x86_64-suse-linux/:/usr/lib64/gcc/x86_64-suse-linux/10/../../../../x86_64-suse-linux/bin/]
  ignore line: [LIBRARY_PATH=/home/ge49nuk2/localLibs/hclInstall/lib64/../lib64/:/usr/lib64/gcc/x86_64-suse-linux/10/:/usr/lib64/gcc/x86_64-suse-linux/10/../../../../lib64/:/lib/../lib64/:/usr/lib/../lib64/:/home/ge49nuk2/localLibs/hclInstall/lib64/:/home/ge49nuk2/spack/opt/spack/linux-sles15-zen2/gcc-10.2.1/mercury-2.0.1-oqevoctlxhdr5gkttnkl5phzyda7xanw/lib/:/home/ge49nuk2/spack/opt/spack/linux-sles15-zen2/gcc-10.2.1/mochi-thallium-0.7-6n6vjtbar3mp7gmemwe5dgdcednozcey/lib/:/home/ge49nuk2/spack/opt/spack/linux-sles15-zen2/gcc-10.2.1/mochi-margo-0.9.4-fdas5sij4gdidk4huzam4gvz5zjiabmv/lib/:/home/ge49nuk2/spack/opt/spack/linux-sles15-zen2/gcc-10.2.1/mochi-abt-io-0.5.1-uww34fumfusprenr2hgkumknfmkvwmf6/lib/:/home/ge49nuk2/spack/opt/spack/linux-sles15-zen2/gcc-10.2.1/libfabric-1.11.1-ntngfsnyxp33zkakrojohe6yufqhrfrh/lib/:/home/ge49nuk2/spack/opt/spack/linux-sles15-zen2/gcc-10.2.1/boost-1.76.0-hotyooiavzkc6kwweehdsc3jwyiepnig/lib/:/home/ge49nuk2/spack/opt/spack/linux-sles15-zen2/gcc-10.2.1/argobots-1.1-jlfvqv6uxajfrabrdf5ymghaoe6jf56j/lib/:/usr/lib64/gcc/x86_64-suse-linux/10/../../../../x86_64-suse-linux/lib/:/usr/lib64/gcc/x86_64-suse-linux/10/../../../:/lib/:/usr/lib/]
  ignore line: [COLLECT_GCC_OPTIONS='-v' '-o' 'CMakeFiles/cmTC_b4b82.dir/CMakeCXXCompilerABI.cpp.o' '-c' '-I' '/home/ge49nuk2/spack/opt/spack/linux-sles15-zen2/gcc-10.2.1/mpich-3.3.2-wgukgvfenyfgh75zdxi6lvgzsan7ozv2/include' '-shared-libgcc' '-mtune=generic' '-march=x86-64']
  ignore line: [Linking CXX executable cmTC_b4b82]
  ignore line: [/home/ge49nuk2/spack/opt/spack/linux-sles15-zen2/gcc-10.2.1/cmake-3.20.3-crj7py7zplvpqll4geshojob3n3e74fq/bin/cmake -E cmake_link_script CMakeFiles/cmTC_b4b82.dir/link.txt --verbose=1]
  ignore line: [/home/ge49nuk2/spack/opt/spack/linux-sles15-zen2/gcc-10.2.1/mpich-3.3.2-wgukgvfenyfgh75zdxi6lvgzsan7ozv2/bin/mpicxx  -v CMakeFiles/cmTC_b4b82.dir/CMakeCXXCompilerABI.cpp.o -o cmTC_b4b82 ]
  ignore line: [mpicxx for MPICH version 3.3.2]
  ignore line: [Using built-in specs.]
  ignore line: [COLLECT_GCC=/usr/bin/g++-10]
  ignore line: [COLLECT_LTO_WRAPPER=/usr/lib64/gcc/x86_64-suse-linux/10/lto-wrapper]
  ignore line: [OFFLOAD_TARGET_NAMES=nvptx-none]
  ignore line: [OFFLOAD_TARGET_DEFAULT=1]
  ignore line: [Target: x86_64-suse-linux]
  ignore line: [Configured with: ../configure --prefix=/usr --infodir=/usr/share/info --mandir=/usr/share/man --libdir=/usr/lib64 --libexecdir=/usr/lib64 --enable-languages=c c++ objc fortran obj-c++ ada go d --enable-offload-targets=nvptx-none=/usr/nvptx-none  --without-cuda-driver --enable-checking=release --disable-werror --with-gxx-include-dir=/usr/include/c++/10 --enable-ssp --disable-libssp --disable-libvtv --enable-cet=auto --disable-libcc1 --disable-plugin --with-bugurl=https://bugs.opensuse.org/ --with-pkgversion='SUSE Linux' --with-slibdir=/lib64 --with-system-zlib --enable-libstdcxx-allocator=new --disable-libstdcxx-pch --enable-libphobos --enable-version-specific-runtime-libs --with-gcc-major-version-only --enable-linker-build-id --enable-linux-futex --enable-gnu-indirect-function --program-suffix=-10 --without-system-libunwind --enable-multilib --with-arch-32=x86-64 --with-tune=generic --build=x86_64-suse-linux --host=x86_64-suse-linux]
  ignore line: [Thread model: posix]
  ignore line: [Supported LTO compression algorithms: zlib]
  ignore line: [gcc version 10.2.1 20200825 [revision c0746a1beb1ba073c7981eb09f55b3d993b32e5c] (SUSE Linux) ]
  ignore line: [COMPILER_PATH=/usr/lib64/gcc/x86_64-suse-linux/10/:/usr/lib64/gcc/x86_64-suse-linux/10/:/usr/lib64/gcc/x86_64-suse-linux/:/usr/lib64/gcc/x86_64-suse-linux/10/:/usr/lib64/gcc/x86_64-suse-linux/:/usr/lib64/gcc/x86_64-suse-linux/10/../../../../x86_64-suse-linux/bin/]
  ignore line: [LIBRARY_PATH=/home/ge49nuk2/localLibs/hclInstall/lib64/../lib64/:/usr/lib64/gcc/x86_64-suse-linux/10/:/usr/lib64/gcc/x86_64-suse-linux/10/../../../../lib64/:/lib/../lib64/:/usr/lib/../lib64/:/home/ge49nuk2/localLibs/hclInstall/lib64/:/home/ge49nuk2/spack/opt/spack/linux-sles15-zen2/gcc-10.2.1/mercury-2.0.1-oqevoctlxhdr5gkttnkl5phzyda7xanw/lib/:/home/ge49nuk2/spack/opt/spack/linux-sles15-zen2/gcc-10.2.1/mochi-thallium-0.7-6n6vjtbar3mp7gmemwe5dgdcednozcey/lib/:/home/ge49nuk2/spack/opt/spack/linux-sles15-zen2/gcc-10.2.1/mochi-margo-0.9.4-fdas5sij4gdidk4huzam4gvz5zjiabmv/lib/:/home/ge49nuk2/spack/opt/spack/linux-sles15-zen2/gcc-10.2.1/mochi-abt-io-0.5.1-uww34fumfusprenr2hgkumknfmkvwmf6/lib/:/home/ge49nuk2/spack/opt/spack/linux-sles15-zen2/gcc-10.2.1/libfabric-1.11.1-ntngfsnyxp33zkakrojohe6yufqhrfrh/lib/:/home/ge49nuk2/spack/opt/spack/linux-sles15-zen2/gcc-10.2.1/boost-1.76.0-hotyooiavzkc6kwweehdsc3jwyiepnig/lib/:/home/ge49nuk2/spack/opt/spack/linux-sles15-zen2/gcc-10.2.1/argobots-1.1-jlfvqv6uxajfrabrdf5ymghaoe6jf56j/lib/:/usr/lib64/gcc/x86_64-suse-linux/10/../../../../x86_64-suse-linux/lib/:/usr/lib64/gcc/x86_64-suse-linux/10/../../../:/lib/:/usr/lib/]
  ignore line: [COLLECT_GCC_OPTIONS='-L/home/ge49nuk2/spack/opt/spack/linux-sles15-zen2/gcc-10.2.1/hwloc-2.4.1-bu232a3groh66oalha3d44er3olqd6yh/lib' '-v' '-o' 'cmTC_b4b82' '-I' '/home/ge49nuk2/spack/opt/spack/linux-sles15-zen2/gcc-10.2.1/mpich-3.3.2-wgukgvfenyfgh75zdxi6lvgzsan7ozv2/include' '-L/home/ge49nuk2/spack/opt/spack/linux-sles15-zen2/gcc-10.2.1/mpich-3.3.2-wgukgvfenyfgh75zdxi6lvgzsan7ozv2/lib' '-shared-libgcc' '-mtune=generic' '-march=x86-64']
  link line: [ /usr/lib64/gcc/x86_64-suse-linux/10/collect2 -plugin /usr/lib64/gcc/x86_64-suse-linux/10/liblto_plugin.so -plugin-opt=/usr/lib64/gcc/x86_64-suse-linux/10/lto-wrapper -plugin-opt=-fresolution=/tmp/cczYq2ik.res -plugin-opt=-pass-through=-lgcc_s -plugin-opt=-pass-through=-lgcc -plugin-opt=-pass-through=-lc -plugin-opt=-pass-through=-lgcc_s -plugin-opt=-pass-through=-lgcc --build-id --eh-frame-hdr -m elf_x86_64 -dynamic-linker /lib64/ld-linux-x86-64.so.2 -o cmTC_b4b82 /usr/lib64/gcc/x86_64-suse-linux/10/../../../../lib64/crt1.o /usr/lib64/gcc/x86_64-suse-linux/10/../../../../lib64/crti.o /usr/lib64/gcc/x86_64-suse-linux/10/crtbegin.o -L/home/ge49nuk2/spack/opt/spack/linux-sles15-zen2/gcc-10.2.1/hwloc-2.4.1-bu232a3groh66oalha3d44er3olqd6yh/lib -L/home/ge49nuk2/spack/opt/spack/linux-sles15-zen2/gcc-10.2.1/mpich-3.3.2-wgukgvfenyfgh75zdxi6lvgzsan7ozv2/lib -L/home/ge49nuk2/localLibs/hclInstall/lib64/../lib64 -L/usr/lib64/gcc/x86_64-suse-linux/10 -L/usr/lib64/gcc/x86_64-suse-linux/10/../../../../lib64 -L/lib/../lib64 -L/usr/lib/../lib64 -L/home/ge49nuk2/localLibs/hclInstall/lib64 -L/home/ge49nuk2/spack/opt/spack/linux-sles15-zen2/gcc-10.2.1/mercury-2.0.1-oqevoctlxhdr5gkttnkl5phzyda7xanw/lib -L/home/ge49nuk2/spack/opt/spack/linux-sles15-zen2/gcc-10.2.1/mochi-thallium-0.7-6n6vjtbar3mp7gmemwe5dgdcednozcey/lib -L/home/ge49nuk2/spack/opt/spack/linux-sles15-zen2/gcc-10.2.1/mochi-margo-0.9.4-fdas5sij4gdidk4huzam4gvz5zjiabmv/lib -L/home/ge49nuk2/spack/opt/spack/linux-sles15-zen2/gcc-10.2.1/mochi-abt-io-0.5.1-uww34fumfusprenr2hgkumknfmkvwmf6/lib -L/home/ge49nuk2/spack/opt/spack/linux-sles15-zen2/gcc-10.2.1/libfabric-1.11.1-ntngfsnyxp33zkakrojohe6yufqhrfrh/lib -L/home/ge49nuk2/spack/opt/spack/linux-sles15-zen2/gcc-10.2.1/boost-1.76.0-hotyooiavzkc6kwweehdsc3jwyiepnig/lib -L/home/ge49nuk2/spack/opt/spack/linux-sles15-zen2/gcc-10.2.1/argobots-1.1-jlfvqv6uxajfrabrdf5ymghaoe6jf56j/lib -L/usr/lib64/gcc/x86_64-suse-linux/10/../../../../x86_64-suse-linux/lib -L/usr/lib64/gcc/x86_64-suse-linux/10/../../.. CMakeFiles/cmTC_b4b82.dir/CMakeCXXCompilerABI.cpp.o -lmpicxx -rpath /home/ge49nuk2/spack/opt/spack/linux-sles15-zen2/gcc-10.2.1/mpich-3.3.2-wgukgvfenyfgh75zdxi6lvgzsan7ozv2/lib -lmpi -lstdc++ -lm -lgcc_s -lgcc -lc -lgcc_s -lgcc /usr/lib64/gcc/x86_64-suse-linux/10/crtend.o /usr/lib64/gcc/x86_64-suse-linux/10/../../../../lib64/crtn.o]
    arg [/usr/lib64/gcc/x86_64-suse-linux/10/collect2] ==> ignore
    arg [-plugin] ==> ignore
    arg [/usr/lib64/gcc/x86_64-suse-linux/10/liblto_plugin.so] ==> ignore
    arg [-plugin-opt=/usr/lib64/gcc/x86_64-suse-linux/10/lto-wrapper] ==> ignore
    arg [-plugin-opt=-fresolution=/tmp/cczYq2ik.res] ==> ignore
    arg [-plugin-opt=-pass-through=-lgcc_s] ==> ignore
    arg [-plugin-opt=-pass-through=-lgcc] ==> ignore
    arg [-plugin-opt=-pass-through=-lc] ==> ignore
    arg [-plugin-opt=-pass-through=-lgcc_s] ==> ignore
    arg [-plugin-opt=-pass-through=-lgcc] ==> ignore
    arg [--build-id] ==> ignore
    arg [--eh-frame-hdr] ==> ignore
    arg [-m] ==> ignore
    arg [elf_x86_64] ==> ignore
    arg [-dynamic-linker] ==> ignore
    arg [/lib64/ld-linux-x86-64.so.2] ==> ignore
    arg [-o] ==> ignore
    arg [cmTC_b4b82] ==> ignore
    arg [/usr/lib64/gcc/x86_64-suse-linux/10/../../../../lib64/crt1.o] ==> obj [/usr/lib64/gcc/x86_64-suse-linux/10/../../../../lib64/crt1.o]
    arg [/usr/lib64/gcc/x86_64-suse-linux/10/../../../../lib64/crti.o] ==> obj [/usr/lib64/gcc/x86_64-suse-linux/10/../../../../lib64/crti.o]
    arg [/usr/lib64/gcc/x86_64-suse-linux/10/crtbegin.o] ==> obj [/usr/lib64/gcc/x86_64-suse-linux/10/crtbegin.o]
    arg [-L/home/ge49nuk2/spack/opt/spack/linux-sles15-zen2/gcc-10.2.1/hwloc-2.4.1-bu232a3groh66oalha3d44er3olqd6yh/lib] ==> dir [/home/ge49nuk2/spack/opt/spack/linux-sles15-zen2/gcc-10.2.1/hwloc-2.4.1-bu232a3groh66oalha3d44er3olqd6yh/lib]
    arg [-L/home/ge49nuk2/spack/opt/spack/linux-sles15-zen2/gcc-10.2.1/mpich-3.3.2-wgukgvfenyfgh75zdxi6lvgzsan7ozv2/lib] ==> dir [/home/ge49nuk2/spack/opt/spack/linux-sles15-zen2/gcc-10.2.1/mpich-3.3.2-wgukgvfenyfgh75zdxi6lvgzsan7ozv2/lib]
    arg [-L/home/ge49nuk2/localLibs/hclInstall/lib64/../lib64] ==> dir [/home/ge49nuk2/localLibs/hclInstall/lib64/../lib64]
    arg [-L/usr/lib64/gcc/x86_64-suse-linux/10] ==> dir [/usr/lib64/gcc/x86_64-suse-linux/10]
    arg [-L/usr/lib64/gcc/x86_64-suse-linux/10/../../../../lib64] ==> dir [/usr/lib64/gcc/x86_64-suse-linux/10/../../../../lib64]
    arg [-L/lib/../lib64] ==> dir [/lib/../lib64]
    arg [-L/usr/lib/../lib64] ==> dir [/usr/lib/../lib64]
    arg [-L/home/ge49nuk2/localLibs/hclInstall/lib64] ==> dir [/home/ge49nuk2/localLibs/hclInstall/lib64]
    arg [-L/home/ge49nuk2/spack/opt/spack/linux-sles15-zen2/gcc-10.2.1/mercury-2.0.1-oqevoctlxhdr5gkttnkl5phzyda7xanw/lib] ==> dir [/home/ge49nuk2/spack/opt/spack/linux-sles15-zen2/gcc-10.2.1/mercury-2.0.1-oqevoctlxhdr5gkttnkl5phzyda7xanw/lib]
    arg [-L/home/ge49nuk2/spack/opt/spack/linux-sles15-zen2/gcc-10.2.1/mochi-thallium-0.7-6n6vjtbar3mp7gmemwe5dgdcednozcey/lib] ==> dir [/home/ge49nuk2/spack/opt/spack/linux-sles15-zen2/gcc-10.2.1/mochi-thallium-0.7-6n6vjtbar3mp7gmemwe5dgdcednozcey/lib]
    arg [-L/home/ge49nuk2/spack/opt/spack/linux-sles15-zen2/gcc-10.2.1/mochi-margo-0.9.4-fdas5sij4gdidk4huzam4gvz5zjiabmv/lib] ==> dir [/home/ge49nuk2/spack/opt/spack/linux-sles15-zen2/gcc-10.2.1/mochi-margo-0.9.4-fdas5sij4gdidk4huzam4gvz5zjiabmv/lib]
    arg [-L/home/ge49nuk2/spack/opt/spack/linux-sles15-zen2/gcc-10.2.1/mochi-abt-io-0.5.1-uww34fumfusprenr2hgkumknfmkvwmf6/lib] ==> dir [/home/ge49nuk2/spack/opt/spack/linux-sles15-zen2/gcc-10.2.1/mochi-abt-io-0.5.1-uww34fumfusprenr2hgkumknfmkvwmf6/lib]
    arg [-L/home/ge49nuk2/spack/opt/spack/linux-sles15-zen2/gcc-10.2.1/libfabric-1.11.1-ntngfsnyxp33zkakrojohe6yufqhrfrh/lib] ==> dir [/home/ge49nuk2/spack/opt/spack/linux-sles15-zen2/gcc-10.2.1/libfabric-1.11.1-ntngfsnyxp33zkakrojohe6yufqhrfrh/lib]
    arg [-L/home/ge49nuk2/spack/opt/spack/linux-sles15-zen2/gcc-10.2.1/boost-1.76.0-hotyooiavzkc6kwweehdsc3jwyiepnig/lib] ==> dir [/home/ge49nuk2/spack/opt/spack/linux-sles15-zen2/gcc-10.2.1/boost-1.76.0-hotyooiavzkc6kwweehdsc3jwyiepnig/lib]
    arg [-L/home/ge49nuk2/spack/opt/spack/linux-sles15-zen2/gcc-10.2.1/argobots-1.1-jlfvqv6uxajfrabrdf5ymghaoe6jf56j/lib] ==> dir [/home/ge49nuk2/spack/opt/spack/linux-sles15-zen2/gcc-10.2.1/argobots-1.1-jlfvqv6uxajfrabrdf5ymghaoe6jf56j/lib]
    arg [-L/usr/lib64/gcc/x86_64-suse-linux/10/../../../../x86_64-suse-linux/lib] ==> dir [/usr/lib64/gcc/x86_64-suse-linux/10/../../../../x86_64-suse-linux/lib]
    arg [-L/usr/lib64/gcc/x86_64-suse-linux/10/../../..] ==> dir [/usr/lib64/gcc/x86_64-suse-linux/10/../../..]
    arg [CMakeFiles/cmTC_b4b82.dir/CMakeCXXCompilerABI.cpp.o] ==> ignore
    arg [-lmpicxx] ==> lib [mpicxx]
    arg [-rpath] ==> ignore
    arg [/home/ge49nuk2/spack/opt/spack/linux-sles15-zen2/gcc-10.2.1/mpich-3.3.2-wgukgvfenyfgh75zdxi6lvgzsan7ozv2/lib] ==> ignore
    arg [-lmpi] ==> lib [mpi]
    arg [-lstdc++] ==> lib [stdc++]
    arg [-lm] ==> lib [m]
    arg [-lgcc_s] ==> lib [gcc_s]
    arg [-lgcc] ==> lib [gcc]
    arg [-lc] ==> lib [c]
    arg [-lgcc_s] ==> lib [gcc_s]
    arg [-lgcc] ==> lib [gcc]
    arg [/usr/lib64/gcc/x86_64-suse-linux/10/crtend.o] ==> obj [/usr/lib64/gcc/x86_64-suse-linux/10/crtend.o]
    arg [/usr/lib64/gcc/x86_64-suse-linux/10/../../../../lib64/crtn.o] ==> obj [/usr/lib64/gcc/x86_64-suse-linux/10/../../../../lib64/crtn.o]
  collapse obj [/usr/lib64/gcc/x86_64-suse-linux/10/../../../../lib64/crt1.o] ==> [/usr/lib64/crt1.o]
  collapse obj [/usr/lib64/gcc/x86_64-suse-linux/10/../../../../lib64/crti.o] ==> [/usr/lib64/crti.o]
  collapse obj [/usr/lib64/gcc/x86_64-suse-linux/10/../../../../lib64/crtn.o] ==> [/usr/lib64/crtn.o]
  collapse library dir [/home/ge49nuk2/spack/opt/spack/linux-sles15-zen2/gcc-10.2.1/hwloc-2.4.1-bu232a3groh66oalha3d44er3olqd6yh/lib] ==> [/home/ge49nuk2/spack/opt/spack/linux-sles15-zen2/gcc-10.2.1/hwloc-2.4.1-bu232a3groh66oalha3d44er3olqd6yh/lib]
  collapse library dir [/home/ge49nuk2/spack/opt/spack/linux-sles15-zen2/gcc-10.2.1/mpich-3.3.2-wgukgvfenyfgh75zdxi6lvgzsan7ozv2/lib] ==> [/home/ge49nuk2/spack/opt/spack/linux-sles15-zen2/gcc-10.2.1/mpich-3.3.2-wgukgvfenyfgh75zdxi6lvgzsan7ozv2/lib]
  collapse library dir [/home/ge49nuk2/localLibs/hclInstall/lib64/../lib64] ==> [/home/ge49nuk2/localLibs/hclInstall/lib64]
  collapse library dir [/usr/lib64/gcc/x86_64-suse-linux/10] ==> [/usr/lib64/gcc/x86_64-suse-linux/10]
  collapse library dir [/usr/lib64/gcc/x86_64-suse-linux/10/../../../../lib64] ==> [/usr/lib64]
  collapse library dir [/lib/../lib64] ==> [/lib64]
  collapse library dir [/usr/lib/../lib64] ==> [/usr/lib64]
  collapse library dir [/home/ge49nuk2/localLibs/hclInstall/lib64] ==> [/home/ge49nuk2/localLibs/hclInstall/lib64]
  collapse library dir [/home/ge49nuk2/spack/opt/spack/linux-sles15-zen2/gcc-10.2.1/mercury-2.0.1-oqevoctlxhdr5gkttnkl5phzyda7xanw/lib] ==> [/home/ge49nuk2/spack/opt/spack/linux-sles15-zen2/gcc-10.2.1/mercury-2.0.1-oqevoctlxhdr5gkttnkl5phzyda7xanw/lib]
  collapse library dir [/home/ge49nuk2/spack/opt/spack/linux-sles15-zen2/gcc-10.2.1/mochi-thallium-0.7-6n6vjtbar3mp7gmemwe5dgdcednozcey/lib] ==> [/home/ge49nuk2/spack/opt/spack/linux-sles15-zen2/gcc-10.2.1/mochi-thallium-0.7-6n6vjtbar3mp7gmemwe5dgdcednozcey/lib]
  collapse library dir [/home/ge49nuk2/spack/opt/spack/linux-sles15-zen2/gcc-10.2.1/mochi-margo-0.9.4-fdas5sij4gdidk4huzam4gvz5zjiabmv/lib] ==> [/home/ge49nuk2/spack/opt/spack/linux-sles15-zen2/gcc-10.2.1/mochi-margo-0.9.4-fdas5sij4gdidk4huzam4gvz5zjiabmv/lib]
  collapse library dir [/home/ge49nuk2/spack/opt/spack/linux-sles15-zen2/gcc-10.2.1/mochi-abt-io-0.5.1-uww34fumfusprenr2hgkumknfmkvwmf6/lib] ==> [/home/ge49nuk2/spack/opt/spack/linux-sles15-zen2/gcc-10.2.1/mochi-abt-io-0.5.1-uww34fumfusprenr2hgkumknfmkvwmf6/lib]
  collapse library dir [/home/ge49nuk2/spack/opt/spack/linux-sles15-zen2/gcc-10.2.1/libfabric-1.11.1-ntngfsnyxp33zkakrojohe6yufqhrfrh/lib] ==> [/home/ge49nuk2/spack/opt/spack/linux-sles15-zen2/gcc-10.2.1/libfabric-1.11.1-ntngfsnyxp33zkakrojohe6yufqhrfrh/lib]
  collapse library dir [/home/ge49nuk2/spack/opt/spack/linux-sles15-zen2/gcc-10.2.1/boost-1.76.0-hotyooiavzkc6kwweehdsc3jwyiepnig/lib] ==> [/home/ge49nuk2/spack/opt/spack/linux-sles15-zen2/gcc-10.2.1/boost-1.76.0-hotyooiavzkc6kwweehdsc3jwyiepnig/lib]
  collapse library dir [/home/ge49nuk2/spack/opt/spack/linux-sles15-zen2/gcc-10.2.1/argobots-1.1-jlfvqv6uxajfrabrdf5ymghaoe6jf56j/lib] ==> [/home/ge49nuk2/spack/opt/spack/linux-sles15-zen2/gcc-10.2.1/argobots-1.1-jlfvqv6uxajfrabrdf5ymghaoe6jf56j/lib]
  collapse library dir [/usr/lib64/gcc/x86_64-suse-linux/10/../../../../x86_64-suse-linux/lib] ==> [/usr/x86_64-suse-linux/lib]
  collapse library dir [/usr/lib64/gcc/x86_64-suse-linux/10/../../..] ==> [/usr/lib64]
  implicit libs: [mpicxx;mpi;stdc++;m;gcc_s;gcc;c;gcc_s;gcc]
  implicit objs: [/usr/lib64/crt1.o;/usr/lib64/crti.o;/usr/lib64/gcc/x86_64-suse-linux/10/crtbegin.o;/usr/lib64/gcc/x86_64-suse-linux/10/crtend.o;/usr/lib64/crtn.o]
  implicit dirs: [/home/ge49nuk2/spack/opt/spack/linux-sles15-zen2/gcc-10.2.1/hwloc-2.4.1-bu232a3groh66oalha3d44er3olqd6yh/lib;/home/ge49nuk2/spack/opt/spack/linux-sles15-zen2/gcc-10.2.1/mpich-3.3.2-wgukgvfenyfgh75zdxi6lvgzsan7ozv2/lib;/home/ge49nuk2/localLibs/hclInstall/lib64;/usr/lib64/gcc/x86_64-suse-linux/10;/usr/lib64;/lib64;/home/ge49nuk2/spack/opt/spack/linux-sles15-zen2/gcc-10.2.1/mercury-2.0.1-oqevoctlxhdr5gkttnkl5phzyda7xanw/lib;/home/ge49nuk2/spack/opt/spack/linux-sles15-zen2/gcc-10.2.1/mochi-thallium-0.7-6n6vjtbar3mp7gmemwe5dgdcednozcey/lib;/home/ge49nuk2/spack/opt/spack/linux-sles15-zen2/gcc-10.2.1/mochi-margo-0.9.4-fdas5sij4gdidk4huzam4gvz5zjiabmv/lib;/home/ge49nuk2/spack/opt/spack/linux-sles15-zen2/gcc-10.2.1/mochi-abt-io-0.5.1-uww34fumfusprenr2hgkumknfmkvwmf6/lib;/home/ge49nuk2/spack/opt/spack/linux-sles15-zen2/gcc-10.2.1/libfabric-1.11.1-ntngfsnyxp33zkakrojohe6yufqhrfrh/lib;/home/ge49nuk2/spack/opt/spack/linux-sles15-zen2/gcc-10.2.1/boost-1.76.0-hotyooiavzkc6kwweehdsc3jwyiepnig/lib;/home/ge49nuk2/spack/opt/spack/linux-sles15-zen2/gcc-10.2.1/argobots-1.1-jlfvqv6uxajfrabrdf5ymghaoe6jf56j/lib;/usr/x86_64-suse-linux/lib]
  implicit fwks: []


